02 12, 2021 09:18:14 上午 Bootstrap logJVM
INFO : Server version:		null
02 12, 2021 09:18:14 上午 Bootstrap logJVM
INFO : Server built:		null
02 12, 2021 09:18:14 上午 Bootstrap logJVM
INFO : Server number:		null
02 12, 2021 09:18:14 上午 Bootstrap logJVM
INFO : OS Name	:		null
02 12, 2021 09:18:14 上午 Bootstrap logJVM
INFO : OS Version:		null
02 12, 2021 09:18:14 上午 Bootstrap logJVM
INFO : Architecture:		null
02 12, 2021 09:18:14 上午 Bootstrap logJVM
INFO : Java Home:		null
02 12, 2021 09:18:14 上午 Bootstrap logJVM
INFO : JVM Version:		null
02 12, 2021 09:18:14 上午 Bootstrap logJVM
INFO : JVM Vendor:		null
02 12, 2021 09:19:54 上午 Bootstrap logJVM
INFO : Server version:		null
02 12, 2021 09:19:54 上午 Bootstrap logJVM
INFO : Server built:		null
02 12, 2021 09:19:54 上午 Bootstrap logJVM
INFO : Server number:		null
02 12, 2021 09:19:54 上午 Bootstrap logJVM
INFO : OS Name	:		null
02 12, 2021 09:19:54 上午 Bootstrap logJVM
INFO : OS Version:		null
02 12, 2021 09:19:54 上午 Bootstrap logJVM
INFO : Architecture:		null
02 12, 2021 09:19:54 上午 Bootstrap logJVM
INFO : Java Home:		null
02 12, 2021 09:19:54 上午 Bootstrap logJVM
INFO : JVM Version:		null
02 12, 2021 09:19:54 上午 Bootstrap logJVM
INFO : JVM Vendor:		null
02 12, 2021 09:37:49 上午 Bootstrap logJVM
INFO : Server version:		null
02 12, 2021 09:37:49 上午 Bootstrap logJVM
INFO : Server built:		null
02 12, 2021 09:37:49 上午 Bootstrap logJVM
INFO : Server number:		null
02 12, 2021 09:37:49 上午 Bootstrap logJVM
INFO : OS Name	:		null
02 12, 2021 09:37:49 上午 Bootstrap logJVM
INFO : OS Version:		null
02 12, 2021 09:37:49 上午 Bootstrap logJVM
INFO : Architecture:		null
02 12, 2021 09:37:49 上午 Bootstrap logJVM
INFO : Java Home:		null
02 12, 2021 09:37:49 上午 Bootstrap logJVM
INFO : JVM Version:		null
02 12, 2021 09:37:49 上午 Bootstrap logJVM
INFO : JVM Vendor:		null
02 12, 2021 09:41:43 上午 Bootstrap logJVM
INFO : Server version:		How2J DiyTomcat/1.0.1
02 12, 2021 09:41:43 上午 Bootstrap logJVM
INFO : Server built:		2020-04-08 10:20:22
02 12, 2021 09:41:43 上午 Bootstrap logJVM
INFO : Server number:		1.0.1
02 12, 2021 09:41:43 上午 Bootstrap logJVM
INFO : OS Name	:		Windows 7
02 12, 2021 09:41:43 上午 Bootstrap logJVM
INFO : OS Version:		6.1
02 12, 2021 09:41:43 上午 Bootstrap logJVM
INFO : Architecture:		x86
02 12, 2021 09:41:43 上午 Bootstrap logJVM
INFO : Java Home:		D:\JDK1.8\jre
02 12, 2021 09:41:43 上午 Bootstrap logJVM
INFO : JVM Version:		1.8.0_65-b17
02 12, 2021 09:41:43 上午 Bootstrap logJVM
INFO : JVM Vendor:		Oracle Corporation
02 12, 2021 09:41:43 上午 Bootstrap error
ERROR: Address already in use: JVM_Bind
java.net.BindException: Address already in use: JVM_Bind
	at java.net.DualStackPlainSocketImpl.bind0(Native Method)
	at java.net.DualStackPlainSocketImpl.socketBind(DualStackPlainSocketImpl.java:106)
	at java.net.AbstractPlainSocketImpl.bind(AbstractPlainSocketImpl.java:387)
	at java.net.PlainSocketImpl.bind(PlainSocketImpl.java:190)
	at java.net.ServerSocket.bind(ServerSocket.java:375)
	at java.net.ServerSocket.<init>(ServerSocket.java:237)
	at java.net.ServerSocket.<init>(ServerSocket.java:128)
	at Bootstrap.main(Bootstrap.java:38)
02 12, 2021 09:41:51 上午 Bootstrap logJVM
INFO : Server version:		How2J DiyTomcat/1.0.1
02 12, 2021 09:41:51 上午 Bootstrap logJVM
INFO : Server built:		2020-04-08 10:20:22
02 12, 2021 09:41:51 上午 Bootstrap logJVM
INFO : Server number:		1.0.1
02 12, 2021 09:41:51 上午 Bootstrap logJVM
INFO : OS Name	:		Windows 7
02 12, 2021 09:41:51 上午 Bootstrap logJVM
INFO : OS Version:		6.1
02 12, 2021 09:41:51 上午 Bootstrap logJVM
INFO : Architecture:		x86
02 12, 2021 09:41:51 上午 Bootstrap logJVM
INFO : Java Home:		D:\JDK1.8\jre
02 12, 2021 09:41:51 上午 Bootstrap logJVM
INFO : JVM Version:		1.8.0_65-b17
02 12, 2021 09:41:51 上午 Bootstrap logJVM
INFO : JVM Vendor:		Oracle Corporation
02 12, 2021 09:43:36 上午 Bootstrap logJVM
INFO : Server version:		How2J DiyTomcat/1.0.1
02 12, 2021 09:43:36 上午 Bootstrap logJVM
INFO : Server built:		2020-04-08 10:20:22
02 12, 2021 09:43:36 上午 Bootstrap logJVM
INFO : Server number:		1.0.1
02 12, 2021 09:43:36 上午 Bootstrap logJVM
INFO : OS Name	:		Windows 7
02 12, 2021 09:43:36 上午 Bootstrap logJVM
INFO : OS Version:		6.1
02 12, 2021 09:43:36 上午 Bootstrap logJVM
INFO : Architecture:		x86
02 12, 2021 09:43:36 上午 Bootstrap logJVM
INFO : Java Home:		D:\JDK1.8\jre
02 12, 2021 09:43:36 上午 Bootstrap logJVM
INFO : JVM Version:		1.8.0_65-b17
02 12, 2021 09:43:36 上午 Bootstrap logJVM
INFO : JVM Vendor:		Oracle Corporation
02 12, 2021 09:48:14 上午 Bootstrap logJVM
INFO : Server version:		How2J DiyTomcat/1.0.1
02 12, 2021 09:48:14 上午 Bootstrap logJVM
INFO : Server built:		2020-04-08 10:20:22
02 12, 2021 09:48:14 上午 Bootstrap logJVM
INFO : Server number:		1.0.1
02 12, 2021 09:48:14 上午 Bootstrap logJVM
INFO : OS Name	:		Windows 7
02 12, 2021 09:48:14 上午 Bootstrap logJVM
INFO : OS Version:		6.1
02 12, 2021 09:48:14 上午 Bootstrap logJVM
INFO : Architecture:		x86
02 12, 2021 09:48:14 上午 Bootstrap logJVM
INFO : Java Home:		D:\JDK1.8\jre
02 12, 2021 09:48:14 上午 Bootstrap logJVM
INFO : JVM Version:		1.8.0_65-b17
02 12, 2021 09:48:14 上午 Bootstrap logJVM
INFO : JVM Vendor:		Oracle Corporation
02 12, 2021 09:49:25 上午 Bootstrap logJVM
INFO : Server version:		How2J DiyTomcat/1.0.1
02 12, 2021 09:49:25 上午 Bootstrap logJVM
INFO : Server built:		2020-04-08 10:20:22
02 12, 2021 09:49:25 上午 Bootstrap logJVM
INFO : Server number:		1.0.1
02 12, 2021 09:49:25 上午 Bootstrap logJVM
INFO : OS Name	:		Windows 7
02 12, 2021 09:49:25 上午 Bootstrap logJVM
INFO : OS Version:		6.1
02 12, 2021 09:49:25 上午 Bootstrap logJVM
INFO : Architecture:		x86
02 12, 2021 09:49:25 上午 Bootstrap logJVM
INFO : Java Home:		D:\JDK1.8\jre
02 12, 2021 09:49:25 上午 Bootstrap logJVM
INFO : JVM Version:		1.8.0_65-b17
02 12, 2021 09:49:25 上午 Bootstrap logJVM
INFO : JVM Vendor:		Oracle Corporation
02 12, 2021 09:50:05 上午 Bootstrap logJVM
INFO : Server version:		How2J DiyTomcat/1.0.1
02 12, 2021 09:50:05 上午 Bootstrap logJVM
INFO : Server built:		2020-04-08 10:20:22
02 12, 2021 09:50:05 上午 Bootstrap logJVM
INFO : Server number:		1.0.1
02 12, 2021 09:50:05 上午 Bootstrap logJVM
INFO : OS Name	:		Windows 7
02 12, 2021 09:50:05 上午 Bootstrap logJVM
INFO : OS Version:		6.1
02 12, 2021 09:50:05 上午 Bootstrap logJVM
INFO : Architecture:		x86
02 12, 2021 09:50:05 上午 Bootstrap logJVM
INFO : Java Home:		D:\JDK1.8\jre
02 12, 2021 09:50:05 上午 Bootstrap logJVM
INFO : JVM Version:		1.8.0_65-b17
02 12, 2021 09:50:05 上午 Bootstrap logJVM
INFO : JVM Vendor:		Oracle Corporation
02 12, 2021 09:50:38 上午 Bootstrap logJVM
INFO : Server version:		How2J DiyTomcat/1.0.1
02 12, 2021 09:50:38 上午 Bootstrap logJVM
INFO : Server built:		2020-04-08 10:20:22
02 12, 2021 09:50:38 上午 Bootstrap logJVM
INFO : Server number:		1.0.1
02 12, 2021 09:50:38 上午 Bootstrap logJVM
INFO : OS Name	:		Windows 7
02 12, 2021 09:50:38 上午 Bootstrap logJVM
INFO : OS Version:		6.1
02 12, 2021 09:50:38 上午 Bootstrap logJVM
INFO : Architecture:		x86
02 12, 2021 09:50:38 上午 Bootstrap logJVM
INFO : Java Home:		D:\JDK1.8\jre
02 12, 2021 09:50:38 上午 Bootstrap logJVM
INFO : JVM Version:		1.8.0_65-b17
02 12, 2021 09:50:38 上午 Bootstrap logJVM
INFO : JVM Vendor:		Oracle Corporation
02 12, 2021 09:51:07 上午 Bootstrap logJVM
INFO : Server version:		How2J DiyTomcat/1.0.1
02 12, 2021 09:51:07 上午 Bootstrap logJVM
INFO : Server built:		2020-04-08 10:20:22
02 12, 2021 09:51:07 上午 Bootstrap logJVM
INFO : Server number:		1.0.1
02 12, 2021 09:51:07 上午 Bootstrap logJVM
INFO : OS Name	:		Windows 7
02 12, 2021 09:51:07 上午 Bootstrap logJVM
INFO : OS Version:		6.1
02 12, 2021 09:51:07 上午 Bootstrap logJVM
INFO : Architecture:		x86
02 12, 2021 09:51:07 上午 Bootstrap logJVM
INFO : Java Home:		D:\JDK1.8\jre
02 12, 2021 09:51:07 上午 Bootstrap logJVM
INFO : JVM Version:		1.8.0_65-b17
02 12, 2021 09:51:07 上午 Bootstrap logJVM
INFO : JVM Vendor:		Oracle Corporation
02 12, 2021 09:51:49 上午 Bootstrap logJVM
INFO : Server version:		How2J DiyTomcat/1.0.1
02 12, 2021 09:51:49 上午 Bootstrap logJVM
INFO : Server built:		2020-04-08 10:20:22
02 12, 2021 09:51:49 上午 Bootstrap logJVM
INFO : Server number:		1.0.1
02 12, 2021 09:51:49 上午 Bootstrap logJVM
INFO : OS Name	:		Windows 7
02 12, 2021 09:51:49 上午 Bootstrap logJVM
INFO : OS Version:		6.1
02 12, 2021 09:51:49 上午 Bootstrap logJVM
INFO : Architecture:		x86
02 12, 2021 09:51:49 上午 Bootstrap logJVM
INFO : Java Home:		D:\JDK1.8\jre
02 12, 2021 09:51:49 上午 Bootstrap logJVM
INFO : JVM Version:		1.8.0_65-b17
02 12, 2021 09:51:49 上午 Bootstrap logJVM
INFO : JVM Vendor:		Oracle Corporation
02 12, 2021 09:51:51 上午 Bootstrap logJVM
INFO : Server version:		How2J DiyTomcat/1.0.1
02 12, 2021 09:51:51 上午 Bootstrap logJVM
INFO : Server built:		2020-04-08 10:20:22
02 12, 2021 09:51:51 上午 Bootstrap logJVM
INFO : Server number:		1.0.1
02 12, 2021 09:51:51 上午 Bootstrap logJVM
INFO : OS Name	:		Windows 7
02 12, 2021 09:51:51 上午 Bootstrap logJVM
INFO : OS Version:		6.1
02 12, 2021 09:51:51 上午 Bootstrap logJVM
INFO : Architecture:		x86
02 12, 2021 09:51:51 上午 Bootstrap logJVM
INFO : Java Home:		D:\JDK1.8\jre
02 12, 2021 09:51:51 上午 Bootstrap logJVM
INFO : JVM Version:		1.8.0_65-b17
02 12, 2021 09:51:51 上午 Bootstrap logJVM
INFO : JVM Vendor:		Oracle Corporation
02 12, 2021 09:52:43 上午 Bootstrap logJVM
INFO : Server version:		How2J DiyTomcat/1.0.1
02 12, 2021 09:52:43 上午 Bootstrap logJVM
INFO : Server built:		2020-04-08 10:20:22
02 12, 2021 09:52:43 上午 Bootstrap logJVM
INFO : Server number:		1.0.1
02 12, 2021 09:52:43 上午 Bootstrap logJVM
INFO : OS Name	:		Windows 7
02 12, 2021 09:52:43 上午 Bootstrap logJVM
INFO : OS Version:		6.1
02 12, 2021 09:52:43 上午 Bootstrap logJVM
INFO : Architecture:		x86
02 12, 2021 09:52:43 上午 Bootstrap logJVM
INFO : Java Home:		D:\JDK1.8\jre
02 12, 2021 09:52:43 上午 Bootstrap logJVM
INFO : JVM Version:		1.8.0_65-b17
02 12, 2021 09:52:43 上午 Bootstrap logJVM
INFO : JVM Vendor:		Oracle Corporation
02 12, 2021 10:08:36 上午 Bootstrap logJVM
INFO : Server version:		How2J DiyTomcat/1.0.1
02 12, 2021 10:08:36 上午 Bootstrap logJVM
INFO : Server built:		2020-04-08 10:20:22
02 12, 2021 10:08:36 上午 Bootstrap logJVM
INFO : Server number:		1.0.1
02 12, 2021 10:08:36 上午 Bootstrap logJVM
INFO : OS Name	:		Windows 7
02 12, 2021 10:08:36 上午 Bootstrap logJVM
INFO : OS Version:		6.1
02 12, 2021 10:08:36 上午 Bootstrap logJVM
INFO : Architecture:		x86
02 12, 2021 10:08:36 上午 Bootstrap logJVM
INFO : Java Home:		D:\JDK1.8\jre
02 12, 2021 10:08:36 上午 Bootstrap logJVM
INFO : JVM Version:		1.8.0_65-b17
02 12, 2021 10:08:36 上午 Bootstrap logJVM
INFO : JVM Vendor:		Oracle Corporation
02 12, 2021 10:12:38 上午 Bootstrap logJVM
INFO : Server version:		How2J DiyTomcat/1.0.1
02 12, 2021 10:12:38 上午 Bootstrap logJVM
INFO : Server built:		2020-04-08 10:20:22
02 12, 2021 10:12:38 上午 Bootstrap logJVM
INFO : Server number:		1.0.1
02 12, 2021 10:12:38 上午 Bootstrap logJVM
INFO : OS Name	:		Windows 7
02 12, 2021 10:12:38 上午 Bootstrap logJVM
INFO : OS Version:		6.1
02 12, 2021 10:12:38 上午 Bootstrap logJVM
INFO : Architecture:		x86
02 12, 2021 10:12:38 上午 Bootstrap logJVM
INFO : Java Home:		D:\JDK1.8\jre
02 12, 2021 10:12:38 上午 Bootstrap logJVM
INFO : JVM Version:		1.8.0_65-b17
02 12, 2021 10:12:38 上午 Bootstrap logJVM
INFO : JVM Vendor:		Oracle Corporation
02 12, 2021 21:08:34 下午 Bootstrap logJVM
INFO : Server version:		How2J DiyTomcat/1.0.1
02 12, 2021 21:08:34 下午 Bootstrap logJVM
INFO : Server built:		2020-04-08 10:20:22
02 12, 2021 21:08:34 下午 Bootstrap logJVM
INFO : Server number:		1.0.1
02 12, 2021 21:08:34 下午 Bootstrap logJVM
INFO : OS Name	:		Windows 7
02 12, 2021 21:08:34 下午 Bootstrap logJVM
INFO : OS Version:		6.1
02 12, 2021 21:08:34 下午 Bootstrap logJVM
INFO : Architecture:		x86
02 12, 2021 21:08:34 下午 Bootstrap logJVM
INFO : Java Home:		D:\JDK1.8\jre
02 12, 2021 21:08:34 下午 Bootstrap logJVM
INFO : JVM Version:		1.8.0_65-b17
02 12, 2021 21:08:34 下午 Bootstrap logJVM
INFO : JVM Vendor:		Oracle Corporation
02 12, 2021 21:08:34 下午 Context <init>
INFO : Deploying web application directory E:\project\diytomcat\webapps\a
02 12, 2021 21:08:34 下午 Context <init>
INFO : Deployment of web application directory E:\project\diytomcat\webapps\a has finished in 1 ms
02 12, 2021 21:08:34 下午 Context <init>
INFO : Deploying web application directory E:\project\diytomcat\webapps\ROOT
02 12, 2021 21:08:34 下午 Context <init>
INFO : Deployment of web application directory E:\project\diytomcat\webapps\ROOT has finished in 0 ms
02 12, 2021 21:08:35 下午 Context <init>
INFO : Deploying web application directory d:/project/diytomcat/b
02 12, 2021 21:08:35 下午 Context <init>
INFO : Deployment of web application directory d:/project/diytomcat/b has finished in 0 ms
02 12, 2021 21:11:12 下午 Bootstrap logJVM
INFO : Server version:		How2J DiyTomcat/1.0.1
02 12, 2021 21:11:12 下午 Bootstrap logJVM
INFO : Server built:		2020-04-08 10:20:22
02 12, 2021 21:11:12 下午 Bootstrap logJVM
INFO : Server number:		1.0.1
02 12, 2021 21:11:12 下午 Bootstrap logJVM
INFO : OS Name	:		Windows 7
02 12, 2021 21:11:12 下午 Bootstrap logJVM
INFO : OS Version:		6.1
02 12, 2021 21:11:12 下午 Bootstrap logJVM
INFO : Architecture:		x86
02 12, 2021 21:11:12 下午 Bootstrap logJVM
INFO : Java Home:		D:\JDK1.8\jre
02 12, 2021 21:11:12 下午 Bootstrap logJVM
INFO : JVM Version:		1.8.0_65-b17
02 12, 2021 21:11:12 下午 Bootstrap logJVM
INFO : JVM Vendor:		Oracle Corporation
02 12, 2021 21:11:13 下午 Context <init>
INFO : Deploying web application directory E:\project\diytomcat\webapps\a
02 12, 2021 21:11:13 下午 Context <init>
INFO : Deployment of web application directory E:\project\diytomcat\webapps\a has finished in 0 ms
02 12, 2021 21:11:13 下午 Context <init>
INFO : Deploying web application directory E:\project\diytomcat\webapps\ROOT
02 12, 2021 21:11:13 下午 Context <init>
INFO : Deployment of web application directory E:\project\diytomcat\webapps\ROOT has finished in 0 ms
02 12, 2021 21:11:13 下午 Context <init>
INFO : Deploying web application directory d:/project/diytomcat/b
02 12, 2021 21:11:13 下午 Context <init>
INFO : Deployment of web application directory d:/project/diytomcat/b has finished in 1 ms
02 12, 2021 21:14:48 下午 Bootstrap logJVM
INFO : Server version:		How2J DiyTomcat/1.0.1
02 12, 2021 21:14:48 下午 Bootstrap logJVM
INFO : Server built:		2020-04-08 10:20:22
02 12, 2021 21:14:48 下午 Bootstrap logJVM
INFO : Server number:		1.0.1
02 12, 2021 21:14:48 下午 Bootstrap logJVM
INFO : OS Name	:		Windows 7
02 12, 2021 21:14:48 下午 Bootstrap logJVM
INFO : OS Version:		6.1
02 12, 2021 21:14:48 下午 Bootstrap logJVM
INFO : Architecture:		x86
02 12, 2021 21:14:48 下午 Bootstrap logJVM
INFO : Java Home:		D:\JDK1.8\jre
02 12, 2021 21:14:48 下午 Bootstrap logJVM
INFO : JVM Version:		1.8.0_65-b17
02 12, 2021 21:14:48 下午 Bootstrap logJVM
INFO : JVM Vendor:		Oracle Corporation
02 12, 2021 21:14:48 下午 Context <init>
INFO : Deploying web application directory E:\project\diytomcat\webapps\a
02 12, 2021 21:14:48 下午 Context <init>
INFO : Deployment of web application directory E:\project\diytomcat\webapps\a has finished in 0 ms
02 12, 2021 21:14:48 下午 Context <init>
INFO : Deploying web application directory E:\project\diytomcat\webapps\ROOT
02 12, 2021 21:14:48 下午 Context <init>
INFO : Deployment of web application directory E:\project\diytomcat\webapps\ROOT has finished in 0 ms
02 12, 2021 21:14:49 下午 Context <init>
INFO : Deploying web application directory e:/project/diytomcat/b
02 12, 2021 21:14:49 下午 Context <init>
INFO : Deployment of web application directory e:/project/diytomcat/b has finished in 0 ms
