03 25, 2021 15:46:08 下午 Bootstrap logJVM
INFO : Server version:		How2J DiyTomcat/1.0.1
03 25, 2021 15:46:08 下午 Bootstrap logJVM
INFO : Server built:		2020-04-08 10:20:22
03 25, 2021 15:46:08 下午 Bootstrap logJVM
INFO : Server number:		1.0.1
03 25, 2021 15:46:08 下午 Bootstrap logJVM
INFO : OS Name	:		Windows 7
03 25, 2021 15:46:08 下午 Bootstrap logJVM
INFO : OS Version:		6.1
03 25, 2021 15:46:08 下午 Bootstrap logJVM
INFO : Architecture:		x86
03 25, 2021 15:46:08 下午 Bootstrap logJVM
INFO : Java Home:		D:\JDK1.8\jre
03 25, 2021 15:46:08 下午 Bootstrap logJVM
INFO : JVM Version:		1.8.0_65-b17
03 25, 2021 15:46:08 下午 Bootstrap logJVM
INFO : JVM Vendor:		Oracle Corporation
03 25, 2021 15:46:08 下午 Context <init>
INFO : Deploying web application directory E:\project\diytomcat\webapps\a
03 25, 2021 15:46:08 下午 Context <init>
INFO : Deployment of web application directory E:\project\diytomcat\webapps\a has finished in 0 ms
03 25, 2021 15:46:08 下午 Context <init>
INFO : Deploying web application directory E:\project\diytomcat\webapps\ROOT
03 25, 2021 15:46:08 下午 Context <init>
INFO : Deployment of web application directory E:\project\diytomcat\webapps\ROOT has finished in 0 ms
03 25, 2021 15:46:09 下午 Context <init>
INFO : Deploying web application directory e:/project/diytomcat/b
03 25, 2021 15:46:09 下午 Context <init>
INFO : Deployment of web application directory e:/project/diytomcat/b has finished in 0 ms
03 25, 2021 18:56:00 下午 Bootstrap logJVM
INFO : Server version:		How2J DiyTomcat/1.0.1
03 25, 2021 18:56:00 下午 Bootstrap logJVM
INFO : Server built:		2020-04-08 10:20:22
03 25, 2021 18:56:00 下午 Bootstrap logJVM
INFO : Server number:		1.0.1
03 25, 2021 18:56:00 下午 Bootstrap logJVM
INFO : OS Name	:		Windows 7
03 25, 2021 18:56:00 下午 Bootstrap logJVM
INFO : OS Version:		6.1
03 25, 2021 18:56:00 下午 Bootstrap logJVM
INFO : Architecture:		x86
03 25, 2021 18:56:00 下午 Bootstrap logJVM
INFO : Java Home:		D:\JDK1.8\jre
03 25, 2021 18:56:00 下午 Bootstrap logJVM
INFO : JVM Version:		1.8.0_65-b17
03 25, 2021 18:56:00 下午 Bootstrap logJVM
INFO : JVM Vendor:		Oracle Corporation
03 25, 2021 18:56:00 下午 Context <init>
INFO : Deploying web application directory E:\project\diytomcat\webapps\a
03 25, 2021 18:56:00 下午 Context <init>
INFO : Deployment of web application directory E:\project\diytomcat\webapps\a has finished in 0 ms
03 25, 2021 18:56:00 下午 Context <init>
INFO : Deploying web application directory E:\project\diytomcat\webapps\ROOT
03 25, 2021 18:56:00 下午 Context <init>
INFO : Deployment of web application directory E:\project\diytomcat\webapps\ROOT has finished in 0 ms
