04 02, 2021 08:52:56 上午 Context deploy
INFO : Deploying web application directory E:\project\diytomcat\webapps\a
04 02, 2021 08:52:56 上午 Context deploy
INFO : Deployment of web application directory E:\project\diytomcat\webapps\a has finished in 144 ms
04 02, 2021 08:52:56 上午 Context deploy
INFO : Deploying web application directory E:\project\diytomcat\webapps\j2ee
04 02, 2021 08:52:56 上午 Context deploy
INFO : Deployment of web application directory E:\project\diytomcat\webapps\j2ee has finished in 3 ms
04 02, 2021 08:52:56 上午 Context deploy
INFO : Deploying web application directory E:\project\diytomcat\webapps\ROOT
04 02, 2021 08:52:56 上午 Context deploy
INFO : Deployment of web application directory E:\project\diytomcat\webapps\ROOT has finished in 0 ms
04 02, 2021 08:52:56 上午 Context deploy
INFO : Deploying web application directory d:/project/diytomcat/b
04 02, 2021 08:52:56 上午 Context deploy
INFO : Deployment of web application directory d:/project/diytomcat/b has finished in 0 ms
04 02, 2021 08:52:56 上午 Server logJVM
INFO : Server version:		How2J DiyTomcat/1.0.1
04 02, 2021 08:52:56 上午 Server logJVM
INFO : Server built:		2020-04-08 10:20:22
04 02, 2021 08:52:56 上午 Server logJVM
INFO : Server number:		1.0.1
04 02, 2021 08:52:56 上午 Server logJVM
INFO : OS Name	:		Windows 7
04 02, 2021 08:52:56 上午 Server logJVM
INFO : OS Version:		6.1
04 02, 2021 08:52:56 上午 Server logJVM
INFO : Architecture:		x86
04 02, 2021 08:52:56 上午 Server logJVM
INFO : Java Home:		D:\JDK1.8\jre
04 02, 2021 08:52:56 上午 Server logJVM
INFO : JVM Version:		1.8.0_65-b17
04 02, 2021 08:52:56 上午 Server logJVM
INFO : JVM Vendor:		Oracle Corporation
04 02, 2021 08:52:56 上午 Connector init
INFO : Initializing ProtocolHandler [http-bio-18080]
04 02, 2021 08:52:56 上午 Connector init
INFO : Initializing ProtocolHandler [http-bio-18081]
04 02, 2021 08:52:56 上午 Connector init
INFO : Initializing ProtocolHandler [http-bio-18082]
04 02, 2021 08:52:56 上午 Service init
INFO : Initialization processed in 0 ms
04 02, 2021 08:52:56 上午 Connector start
INFO : Starting ProtocolHandler [http-bio-18080]
04 02, 2021 08:52:56 上午 Connector start
INFO : Starting ProtocolHandler [http-bio-18081]
04 02, 2021 08:52:56 上午 Connector start
INFO : Starting ProtocolHandler [http-bio-18082]
04 02, 2021 08:52:56 上午 Server start
INFO : Server startup in 6 ms
04 02, 2021 08:53:03 上午 HttpProcessor error
ERROR: this is a deliberately created exception
java.lang.Exception: this is a deliberately created exception
	at HttpProcessor.execute(HttpProcessor.java:39)
	at Connector$1.run(Connector.java:39)
	at java.util.concurrent.ThreadPoolExecutor.runWorker(ThreadPoolExecutor.java:1142)
	at java.util.concurrent.ThreadPoolExecutor$Worker.run(ThreadPoolExecutor.java:617)
	at java.lang.Thread.run(Thread.java:745)
04 02, 2021 10:34:21 上午 Context deploy
INFO : Deploying web application directory E:\project\diytomcat\webapps\a
04 02, 2021 10:34:21 上午 Context deploy
INFO : Deployment of web application directory E:\project\diytomcat\webapps\a has finished in 92 ms
04 02, 2021 10:34:21 上午 Context deploy
INFO : Deploying web application directory E:\project\diytomcat\webapps\j2ee
04 02, 2021 10:34:21 上午 Context deploy
INFO : Deployment of web application directory E:\project\diytomcat\webapps\j2ee has finished in 3 ms
04 02, 2021 10:34:21 上午 Context deploy
INFO : Deploying web application directory E:\project\diytomcat\webapps\ROOT
04 02, 2021 10:34:21 上午 Context deploy
INFO : Deployment of web application directory E:\project\diytomcat\webapps\ROOT has finished in 1 ms
04 02, 2021 10:34:21 上午 Context deploy
INFO : Deploying web application directory d:/project/diytomcat/b
04 02, 2021 10:34:21 上午 Context deploy
INFO : Deployment of web application directory d:/project/diytomcat/b has finished in 0 ms
04 02, 2021 10:34:21 上午 Server logJVM
INFO : Server version:		How2J DiyTomcat/1.0.1
04 02, 2021 10:34:21 上午 Server logJVM
INFO : Server built:		2020-04-08 10:20:22
04 02, 2021 10:34:21 上午 Server logJVM
INFO : Server number:		1.0.1
04 02, 2021 10:34:21 上午 Server logJVM
INFO : OS Name	:		Windows 7
04 02, 2021 10:34:21 上午 Server logJVM
INFO : OS Version:		6.1
04 02, 2021 10:34:21 上午 Server logJVM
INFO : Architecture:		x86
04 02, 2021 10:34:21 上午 Server logJVM
INFO : Java Home:		D:\JDK1.8\jre
04 02, 2021 10:34:21 上午 Server logJVM
INFO : JVM Version:		1.8.0_65-b17
04 02, 2021 10:34:21 上午 Server logJVM
INFO : JVM Vendor:		Oracle Corporation
04 02, 2021 10:34:21 上午 Connector init
INFO : Initializing ProtocolHandler [http-bio-18080]
04 02, 2021 10:34:21 上午 Connector init
INFO : Initializing ProtocolHandler [http-bio-18081]
04 02, 2021 10:34:21 上午 Connector init
INFO : Initializing ProtocolHandler [http-bio-18082]
04 02, 2021 10:34:21 上午 Service init
INFO : Initialization processed in 0 ms
04 02, 2021 10:34:21 上午 Connector start
INFO : Starting ProtocolHandler [http-bio-18080]
04 02, 2021 10:34:21 上午 Connector start
INFO : Starting ProtocolHandler [http-bio-18081]
04 02, 2021 10:34:21 上午 Connector start
INFO : Starting ProtocolHandler [http-bio-18082]
04 02, 2021 10:34:21 上午 Server start
INFO : Server startup in 5 ms
04 02, 2021 10:34:23 上午 HttpProcessor error
ERROR: this is a deliberately created exception
java.lang.Exception: this is a deliberately created exception
	at HttpProcessor.execute(HttpProcessor.java:39)
	at Connector$1.run(Connector.java:39)
	at java.util.concurrent.ThreadPoolExecutor.runWorker(ThreadPoolExecutor.java:1142)
	at java.util.concurrent.ThreadPoolExecutor$Worker.run(ThreadPoolExecutor.java:617)
	at java.lang.Thread.run(Thread.java:745)
04 02, 2021 10:46:48 上午 Context deploy
INFO : Deploying web application directory E:\project\diytomcat\webapps\a
04 02, 2021 10:46:48 上午 Context deploy
INFO : Deployment of web application directory E:\project\diytomcat\webapps\a has finished in 106 ms
04 02, 2021 10:46:48 上午 Context deploy
INFO : Deploying web application directory E:\project\diytomcat\webapps\j2ee
04 02, 2021 10:46:48 上午 Context deploy
INFO : Deployment of web application directory E:\project\diytomcat\webapps\j2ee has finished in 4 ms
04 02, 2021 10:46:48 上午 Context deploy
INFO : Deploying web application directory E:\project\diytomcat\webapps\ROOT
04 02, 2021 10:46:48 上午 Context deploy
INFO : Deployment of web application directory E:\project\diytomcat\webapps\ROOT has finished in 0 ms
04 02, 2021 10:46:48 上午 Context deploy
INFO : Deploying web application directory d:/project/diytomcat/b
04 02, 2021 10:46:48 上午 Context deploy
INFO : Deployment of web application directory d:/project/diytomcat/b has finished in 0 ms
04 02, 2021 10:46:48 上午 Server logJVM
INFO : Server version:		How2J DiyTomcat/1.0.1
04 02, 2021 10:46:48 上午 Server logJVM
INFO : Server built:		2020-04-08 10:20:22
04 02, 2021 10:46:48 上午 Server logJVM
INFO : Server number:		1.0.1
04 02, 2021 10:46:48 上午 Server logJVM
INFO : OS Name	:		Windows 7
04 02, 2021 10:46:48 上午 Server logJVM
INFO : OS Version:		6.1
04 02, 2021 10:46:48 上午 Server logJVM
INFO : Architecture:		x86
04 02, 2021 10:46:48 上午 Server logJVM
INFO : Java Home:		D:\JDK1.8\jre
04 02, 2021 10:46:48 上午 Server logJVM
INFO : JVM Version:		1.8.0_65-b17
04 02, 2021 10:46:48 上午 Server logJVM
INFO : JVM Vendor:		Oracle Corporation
04 02, 2021 10:46:48 上午 Connector init
INFO : Initializing ProtocolHandler [http-bio-18080]
04 02, 2021 10:46:48 上午 Connector init
INFO : Initializing ProtocolHandler [http-bio-18081]
04 02, 2021 10:46:48 上午 Connector init
INFO : Initializing ProtocolHandler [http-bio-18082]
04 02, 2021 10:46:48 上午 Service init
INFO : Initialization processed in 1 ms
04 02, 2021 10:46:48 上午 Connector start
INFO : Starting ProtocolHandler [http-bio-18080]
04 02, 2021 10:46:48 上午 Connector start
INFO : Starting ProtocolHandler [http-bio-18081]
04 02, 2021 10:46:48 上午 Connector start
INFO : Starting ProtocolHandler [http-bio-18082]
04 02, 2021 10:46:48 上午 Server start
INFO : Server startup in 6 ms
04 02, 2021 10:46:49 上午 HttpProcessor error
ERROR: this is a deliberately created exception
java.lang.RuntimeException: this is a deliberately created exception
	at DefaultServlet.service(DefaultServlet.java:40)
	at HttpProcessor.execute(HttpProcessor.java:39)
	at Connector$1.run(Connector.java:39)
	at java.util.concurrent.ThreadPoolExecutor.runWorker(ThreadPoolExecutor.java:1142)
	at java.util.concurrent.ThreadPoolExecutor$Worker.run(ThreadPoolExecutor.java:617)
	at java.lang.Thread.run(Thread.java:745)
04 02, 2021 10:47:00 上午 Context deploy
INFO : Deploying web application directory E:\project\diytomcat\webapps\a
04 02, 2021 10:47:00 上午 Context deploy
INFO : Deployment of web application directory E:\project\diytomcat\webapps\a has finished in 125 ms
04 02, 2021 10:47:00 上午 Context deploy
INFO : Deploying web application directory E:\project\diytomcat\webapps\j2ee
04 02, 2021 10:47:00 上午 Context deploy
INFO : Deployment of web application directory E:\project\diytomcat\webapps\j2ee has finished in 5 ms
04 02, 2021 10:47:00 上午 Context deploy
INFO : Deploying web application directory E:\project\diytomcat\webapps\ROOT
04 02, 2021 10:47:00 上午 Context deploy
INFO : Deployment of web application directory E:\project\diytomcat\webapps\ROOT has finished in 1 ms
04 02, 2021 10:47:00 上午 Context deploy
INFO : Deploying web application directory d:/project/diytomcat/b
04 02, 2021 10:47:00 上午 Context deploy
INFO : Deployment of web application directory d:/project/diytomcat/b has finished in 0 ms
04 02, 2021 10:47:00 上午 Server logJVM
INFO : Server version:		How2J DiyTomcat/1.0.1
04 02, 2021 10:47:00 上午 Server logJVM
INFO : Server built:		2020-04-08 10:20:22
04 02, 2021 10:47:00 上午 Server logJVM
INFO : Server number:		1.0.1
04 02, 2021 10:47:00 上午 Server logJVM
INFO : OS Name	:		Windows 7
04 02, 2021 10:47:00 上午 Server logJVM
INFO : OS Version:		6.1
04 02, 2021 10:47:00 上午 Server logJVM
INFO : Architecture:		x86
04 02, 2021 10:47:00 上午 Server logJVM
INFO : Java Home:		D:\JDK1.8\jre
04 02, 2021 10:47:00 上午 Server logJVM
INFO : JVM Version:		1.8.0_65-b17
04 02, 2021 10:47:00 上午 Server logJVM
INFO : JVM Vendor:		Oracle Corporation
04 02, 2021 10:47:00 上午 Connector init
INFO : Initializing ProtocolHandler [http-bio-18080]
04 02, 2021 10:47:00 上午 Connector init
INFO : Initializing ProtocolHandler [http-bio-18081]
04 02, 2021 10:47:00 上午 Connector init
INFO : Initializing ProtocolHandler [http-bio-18082]
04 02, 2021 10:47:00 上午 Service init
INFO : Initialization processed in 1 ms
04 02, 2021 10:47:00 上午 Connector start
INFO : Starting ProtocolHandler [http-bio-18080]
04 02, 2021 10:47:00 上午 Connector start
INFO : Starting ProtocolHandler [http-bio-18081]
04 02, 2021 10:47:00 上午 Connector start
INFO : Starting ProtocolHandler [http-bio-18082]
04 02, 2021 10:47:00 上午 Server start
INFO : Server startup in 6 ms
04 02, 2021 10:47:25 上午 HttpProcessor error
ERROR: this is a deliberately created exception
java.lang.RuntimeException: this is a deliberately created exception
	at DefaultServlet.service(DefaultServlet.java:40)
	at HttpProcessor.execute(HttpProcessor.java:39)
	at Connector$1.run(Connector.java:39)
	at java.util.concurrent.ThreadPoolExecutor.runWorker(ThreadPoolExecutor.java:1142)
	at java.util.concurrent.ThreadPoolExecutor$Worker.run(ThreadPoolExecutor.java:617)
	at java.lang.Thread.run(Thread.java:745)
04 02, 2021 12:53:46 下午 Context deploy
INFO : Deploying web application directory E:\project\diytomcat\webapps\a
04 02, 2021 12:53:46 下午 Context deploy
INFO : Deployment of web application directory E:\project\diytomcat\webapps\a has finished in 130 ms
04 02, 2021 12:53:46 下午 Context deploy
INFO : Deploying web application directory E:\project\diytomcat\webapps\j2ee
04 02, 2021 12:53:46 下午 Context deploy
INFO : Deployment of web application directory E:\project\diytomcat\webapps\j2ee has finished in 0 ms
04 02, 2021 12:53:46 下午 Context deploy
INFO : Deploying web application directory E:\project\diytomcat\webapps\ROOT
04 02, 2021 12:53:46 下午 Context deploy
INFO : Deployment of web application directory E:\project\diytomcat\webapps\ROOT has finished in 0 ms
04 02, 2021 12:53:46 下午 Context deploy
INFO : Deploying web application directory d:/project/diytomcat/b
04 02, 2021 12:53:46 下午 Context deploy
INFO : Deployment of web application directory d:/project/diytomcat/b has finished in 10 ms
04 02, 2021 12:53:46 下午 Server logJVM
INFO : Server version:		How2J DiyTomcat/1.0.1
04 02, 2021 12:53:46 下午 Server logJVM
INFO : Server built:		2020-04-08 10:20:22
04 02, 2021 12:53:46 下午 Server logJVM
INFO : Server number:		1.0.1
04 02, 2021 12:53:46 下午 Server logJVM
INFO : OS Name	:		Windows 7
04 02, 2021 12:53:46 下午 Server logJVM
INFO : OS Version:		6.1
04 02, 2021 12:53:46 下午 Server logJVM
INFO : Architecture:		x86
04 02, 2021 12:53:46 下午 Server logJVM
INFO : Java Home:		D:\JDK1.8\jre
04 02, 2021 12:53:46 下午 Server logJVM
INFO : JVM Version:		1.8.0_65-b17
04 02, 2021 12:53:46 下午 Server logJVM
INFO : JVM Vendor:		Oracle Corporation
04 02, 2021 12:53:46 下午 Connector init
INFO : Initializing ProtocolHandler [http-bio-18080]
04 02, 2021 12:53:46 下午 Connector init
INFO : Initializing ProtocolHandler [http-bio-18081]
04 02, 2021 12:53:46 下午 Connector init
INFO : Initializing ProtocolHandler [http-bio-18082]
04 02, 2021 12:53:46 下午 Service init
INFO : Initialization processed in 0 ms
04 02, 2021 12:53:46 下午 Connector start
INFO : Starting ProtocolHandler [http-bio-18080]
04 02, 2021 12:53:46 下午 Connector start
INFO : Starting ProtocolHandler [http-bio-18081]
04 02, 2021 12:53:46 下午 Connector start
INFO : Starting ProtocolHandler [http-bio-18082]
04 02, 2021 12:53:46 下午 Server start
INFO : Server startup in 0 ms
04 02, 2021 12:53:54 下午 HttpProcessor error
ERROR: this is a deliberately created exception
java.lang.RuntimeException: this is a deliberately created exception
	at DefaultServlet.service(DefaultServlet.java:40)
	at HttpProcessor.execute(HttpProcessor.java:39)
	at Connector$1.run(Connector.java:39)
	at java.util.concurrent.ThreadPoolExecutor.runWorker(ThreadPoolExecutor.java:1142)
	at java.util.concurrent.ThreadPoolExecutor$Worker.run(ThreadPoolExecutor.java:617)
	at java.lang.Thread.run(Thread.java:745)
04 02, 2021 16:43:25 下午 Context deploy
INFO : Deploying web application directory E:\project\diytomcat\webapps\a
04 02, 2021 16:43:25 下午 Context deploy
INFO : Deployment of web application directory E:\project\diytomcat\webapps\a has finished in 114 ms
04 02, 2021 16:43:25 下午 Context deploy
INFO : Deploying web application directory E:\project\diytomcat\webapps\j2ee
04 02, 2021 16:43:25 下午 Context deploy
INFO : Deployment of web application directory E:\project\diytomcat\webapps\j2ee has finished in 4 ms
04 02, 2021 16:43:25 下午 Context deploy
INFO : Deploying web application directory E:\project\diytomcat\webapps\ROOT
04 02, 2021 16:43:25 下午 Context deploy
INFO : Deployment of web application directory E:\project\diytomcat\webapps\ROOT has finished in 0 ms
04 02, 2021 16:43:25 下午 Context deploy
INFO : Deploying web application directory d:/project/diytomcat/b
04 02, 2021 16:43:25 下午 Context deploy
INFO : Deployment of web application directory d:/project/diytomcat/b has finished in 0 ms
04 02, 2021 16:43:25 下午 Server logJVM
INFO : Server version:		How2J DiyTomcat/1.0.1
04 02, 2021 16:43:25 下午 Server logJVM
INFO : Server built:		2020-04-08 10:20:22
04 02, 2021 16:43:25 下午 Server logJVM
INFO : Server number:		1.0.1
04 02, 2021 16:43:25 下午 Server logJVM
INFO : OS Name	:		Windows 7
04 02, 2021 16:43:25 下午 Server logJVM
INFO : OS Version:		6.1
04 02, 2021 16:43:25 下午 Server logJVM
INFO : Architecture:		x86
04 02, 2021 16:43:25 下午 Server logJVM
INFO : Java Home:		D:\JDK1.8\jre
04 02, 2021 16:43:25 下午 Server logJVM
INFO : JVM Version:		1.8.0_65-b17
04 02, 2021 16:43:25 下午 Server logJVM
INFO : JVM Vendor:		Oracle Corporation
04 02, 2021 16:43:25 下午 Connector init
INFO : Initializing ProtocolHandler [http-bio-18080]
04 02, 2021 16:43:25 下午 Connector init
INFO : Initializing ProtocolHandler [http-bio-18081]
04 02, 2021 16:43:25 下午 Connector init
INFO : Initializing ProtocolHandler [http-bio-18082]
04 02, 2021 16:43:25 下午 Service init
INFO : Initialization processed in 0 ms
04 02, 2021 16:43:25 下午 Connector start
INFO : Starting ProtocolHandler [http-bio-18080]
04 02, 2021 16:43:25 下午 Connector start
INFO : Starting ProtocolHandler [http-bio-18081]
04 02, 2021 16:43:25 下午 Connector start
INFO : Starting ProtocolHandler [http-bio-18082]
04 02, 2021 16:43:25 下午 Server start
INFO : Server startup in 10 ms
04 02, 2021 16:43:31 下午 HttpProcessor error
ERROR: this is a deliberately created exception
java.lang.RuntimeException: this is a deliberately created exception
	at DefaultServlet.service(DefaultServlet.java:40)
	at HttpProcessor.execute(HttpProcessor.java:39)
	at Connector$1.run(Connector.java:39)
	at java.util.concurrent.ThreadPoolExecutor.runWorker(ThreadPoolExecutor.java:1142)
	at java.util.concurrent.ThreadPoolExecutor$Worker.run(ThreadPoolExecutor.java:617)
	at java.lang.Thread.run(Thread.java:745)
