02 24, 2021 12:45:49 下午 Bootstrap logJVM
INFO : Server version:		How2J DiyTomcat/1.0.1
02 24, 2021 12:45:49 下午 Bootstrap logJVM
INFO : Server built:		2020-04-08 10:20:22
02 24, 2021 12:45:49 下午 Bootstrap logJVM
INFO : Server number:		1.0.1
02 24, 2021 12:45:49 下午 Bootstrap logJVM
INFO : OS Name	:		Windows 7
02 24, 2021 12:45:49 下午 Bootstrap logJVM
INFO : OS Version:		6.1
02 24, 2021 12:45:49 下午 Bootstrap logJVM
INFO : Architecture:		x86
02 24, 2021 12:45:49 下午 Bootstrap logJVM
INFO : Java Home:		D:\JDK1.8\jre
02 24, 2021 12:45:49 下午 Bootstrap logJVM
INFO : JVM Version:		1.8.0_65-b17
02 24, 2021 12:45:49 下午 Bootstrap logJVM
INFO : JVM Vendor:		Oracle Corporation
02 24, 2021 12:45:49 下午 Context <init>
INFO : Deploying web application directory E:\project\diytomcat\webapps\a
02 24, 2021 12:45:49 下午 Context <init>
INFO : Deployment of web application directory E:\project\diytomcat\webapps\a has finished in 1 ms
02 24, 2021 12:45:49 下午 Context <init>
INFO : Deploying web application directory E:\project\diytomcat\webapps\ROOT
02 24, 2021 12:45:49 下午 Context <init>
INFO : Deployment of web application directory E:\project\diytomcat\webapps\ROOT has finished in 0 ms
02 24, 2021 12:45:49 下午 Context <init>
INFO : Deploying web application directory e:/project/diytomcat/b
02 24, 2021 12:45:49 下午 Context <init>
INFO : Deployment of web application directory e:/project/diytomcat/b has finished in 0 ms
