04 05, 2021 22:26:36 下午 Context deploy
INFO : Deploying web application directory E:\project\diytomcat\webapps\a
04 05, 2021 22:26:36 下午 Context deploy
INFO : Deployment of web application directory E:\project\diytomcat\webapps\a has finished in 95 ms
04 05, 2021 22:26:36 下午 Context deploy
INFO : Deploying web application directory E:\project\diytomcat\webapps\j2ee
04 05, 2021 22:26:36 下午 Context deploy
INFO : Deployment of web application directory E:\project\diytomcat\webapps\j2ee has finished in 3 ms
04 05, 2021 22:26:36 下午 Context deploy
INFO : Deploying web application directory E:\project\diytomcat\webapps\ROOT
04 05, 2021 22:26:36 下午 Context deploy
INFO : Deployment of web application directory E:\project\diytomcat\webapps\ROOT has finished in 0 ms
04 05, 2021 22:26:36 下午 Context deploy
INFO : Deploying web application directory d:/project/diytomcat/b
04 05, 2021 22:26:36 下午 Context deploy
INFO : Deployment of web application directory d:/project/diytomcat/b has finished in 1 ms
04 05, 2021 22:26:36 下午 Server logJVM
INFO : Server version:		How2J DiyTomcat/1.0.1
04 05, 2021 22:26:36 下午 Server logJVM
INFO : Server built:		2020-04-08 10:20:22
04 05, 2021 22:26:36 下午 Server logJVM
INFO : Server number:		1.0.1
04 05, 2021 22:26:36 下午 Server logJVM
INFO : OS Name	:		Windows 7
04 05, 2021 22:26:36 下午 Server logJVM
INFO : OS Version:		6.1
04 05, 2021 22:26:36 下午 Server logJVM
INFO : Architecture:		x86
04 05, 2021 22:26:36 下午 Server logJVM
INFO : Java Home:		D:\JDK1.8\jre
04 05, 2021 22:26:36 下午 Server logJVM
INFO : JVM Version:		1.8.0_65-b17
04 05, 2021 22:26:36 下午 Server logJVM
INFO : JVM Vendor:		Oracle Corporation
04 05, 2021 22:26:36 下午 Connector init
INFO : Initializing ProtocolHandler [http-bio-18080]
04 05, 2021 22:26:36 下午 Connector init
INFO : Initializing ProtocolHandler [http-bio-18081]
04 05, 2021 22:26:36 下午 Connector init
INFO : Initializing ProtocolHandler [http-bio-18082]
04 05, 2021 22:26:36 下午 Service init
INFO : Initialization processed in 1 ms
04 05, 2021 22:26:36 下午 Connector start
INFO : Starting ProtocolHandler [http-bio-18080]
04 05, 2021 22:26:36 下午 Connector start
INFO : Starting ProtocolHandler [http-bio-18081]
04 05, 2021 22:26:36 下午 Connector start
INFO : Starting ProtocolHandler [http-bio-18082]
04 05, 2021 22:26:36 下午 Server start
INFO : Server startup in 5 ms
04 05, 2021 22:26:36 下午 Connector error
ERROR: Address already in use: JVM_Bind
java.net.BindException: Address already in use: JVM_Bind
	at java.net.DualStackPlainSocketImpl.bind0(Native Method)
	at java.net.DualStackPlainSocketImpl.socketBind(DualStackPlainSocketImpl.java:106)
	at java.net.AbstractPlainSocketImpl.bind(AbstractPlainSocketImpl.java:387)
	at java.net.PlainSocketImpl.bind(PlainSocketImpl.java:190)
	at java.net.ServerSocket.bind(ServerSocket.java:375)
	at java.net.ServerSocket.<init>(ServerSocket.java:237)
	at java.net.ServerSocket.<init>(ServerSocket.java:128)
	at Connector.run(Connector.java:29)
	at java.lang.Thread.run(Thread.java:745)
04 05, 2021 22:26:50 下午 Context deploy
INFO : Deploying web application directory E:\project\diytomcat\webapps\a
04 05, 2021 22:26:50 下午 Context deploy
INFO : Deployment of web application directory E:\project\diytomcat\webapps\a has finished in 89 ms
04 05, 2021 22:26:50 下午 Context deploy
INFO : Deploying web application directory E:\project\diytomcat\webapps\j2ee
04 05, 2021 22:26:50 下午 Context deploy
INFO : Deployment of web application directory E:\project\diytomcat\webapps\j2ee has finished in 3 ms
04 05, 2021 22:26:50 下午 Context deploy
INFO : Deploying web application directory E:\project\diytomcat\webapps\ROOT
04 05, 2021 22:26:50 下午 Context deploy
INFO : Deployment of web application directory E:\project\diytomcat\webapps\ROOT has finished in 0 ms
04 05, 2021 22:26:50 下午 Context deploy
INFO : Deploying web application directory d:/project/diytomcat/b
04 05, 2021 22:26:50 下午 Context deploy
INFO : Deployment of web application directory d:/project/diytomcat/b has finished in 1 ms
04 05, 2021 22:26:50 下午 Server logJVM
INFO : Server version:		How2J DiyTomcat/1.0.1
04 05, 2021 22:26:50 下午 Server logJVM
INFO : Server built:		2020-04-08 10:20:22
04 05, 2021 22:26:50 下午 Server logJVM
INFO : Server number:		1.0.1
04 05, 2021 22:26:50 下午 Server logJVM
INFO : OS Name	:		Windows 7
04 05, 2021 22:26:50 下午 Server logJVM
INFO : OS Version:		6.1
04 05, 2021 22:26:50 下午 Server logJVM
INFO : Architecture:		x86
04 05, 2021 22:26:50 下午 Server logJVM
INFO : Java Home:		D:\JDK1.8\jre
04 05, 2021 22:26:50 下午 Server logJVM
INFO : JVM Version:		1.8.0_65-b17
04 05, 2021 22:26:50 下午 Server logJVM
INFO : JVM Vendor:		Oracle Corporation
04 05, 2021 22:26:50 下午 Connector init
INFO : Initializing ProtocolHandler [http-bio-18080]
04 05, 2021 22:26:50 下午 Connector init
INFO : Initializing ProtocolHandler [http-bio-18081]
04 05, 2021 22:26:50 下午 Connector init
INFO : Initializing ProtocolHandler [http-bio-18082]
04 05, 2021 22:26:50 下午 Service init
INFO : Initialization processed in 1 ms
04 05, 2021 22:26:50 下午 Connector start
INFO : Starting ProtocolHandler [http-bio-18080]
04 05, 2021 22:26:50 下午 Connector start
INFO : Starting ProtocolHandler [http-bio-18081]
04 05, 2021 22:26:50 下午 Connector start
INFO : Starting ProtocolHandler [http-bio-18082]
04 05, 2021 22:26:50 下午 Server start
INFO : Server startup in 6 ms
04 05, 2021 22:26:50 下午 Connector error
ERROR: Address already in use: JVM_Bind
java.net.BindException: Address already in use: JVM_Bind
	at java.net.DualStackPlainSocketImpl.bind0(Native Method)
	at java.net.DualStackPlainSocketImpl.socketBind(DualStackPlainSocketImpl.java:106)
	at java.net.AbstractPlainSocketImpl.bind(AbstractPlainSocketImpl.java:387)
	at java.net.PlainSocketImpl.bind(PlainSocketImpl.java:190)
	at java.net.ServerSocket.bind(ServerSocket.java:375)
	at java.net.ServerSocket.<init>(ServerSocket.java:237)
	at java.net.ServerSocket.<init>(ServerSocket.java:128)
	at Connector.run(Connector.java:29)
	at java.lang.Thread.run(Thread.java:745)
