03 26, 2021 08:49:05 上午 Bootstrap logJVM
INFO : Server version:		How2J DiyTomcat/1.0.1
03 26, 2021 08:49:05 上午 Bootstrap logJVM
INFO : Server built:		2020-04-08 10:20:22
03 26, 2021 08:49:05 上午 Bootstrap logJVM
INFO : Server number:		1.0.1
03 26, 2021 08:49:05 上午 Bootstrap logJVM
INFO : OS Name	:		Windows 7
03 26, 2021 08:49:05 上午 Bootstrap logJVM
INFO : OS Version:		6.1
03 26, 2021 08:49:05 上午 Bootstrap logJVM
INFO : Architecture:		x86
03 26, 2021 08:49:05 上午 Bootstrap logJVM
INFO : Java Home:		D:\JDK1.8\jre
03 26, 2021 08:49:05 上午 Bootstrap logJVM
INFO : JVM Version:		1.8.0_65-b17
03 26, 2021 08:49:05 上午 Bootstrap logJVM
INFO : JVM Vendor:		Oracle Corporation
03 26, 2021 08:49:05 上午 Context <init>
INFO : Deploying web application directory E:\project\diytomcat\webapps\a
03 26, 2021 08:49:05 上午 Context <init>
INFO : Deployment of web application directory E:\project\diytomcat\webapps\a has finished in 0 ms
03 26, 2021 08:49:05 上午 Context <init>
INFO : Deploying web application directory E:\project\diytomcat\webapps\ROOT
03 26, 2021 08:49:05 上午 Context <init>
INFO : Deployment of web application directory E:\project\diytomcat\webapps\ROOT has finished in 1 ms
03 26, 2021 10:21:01 上午 Bootstrap logJVM
INFO : Server version:		How2J DiyTomcat/1.0.1
03 26, 2021 10:21:01 上午 Bootstrap logJVM
INFO : Server built:		2020-04-08 10:20:22
03 26, 2021 10:21:01 上午 Bootstrap logJVM
INFO : Server number:		1.0.1
03 26, 2021 10:21:01 上午 Bootstrap logJVM
INFO : OS Name	:		Windows 7
03 26, 2021 10:21:01 上午 Bootstrap logJVM
INFO : OS Version:		6.1
03 26, 2021 10:21:01 上午 Bootstrap logJVM
INFO : Architecture:		x86
03 26, 2021 10:21:01 上午 Bootstrap logJVM
INFO : Java Home:		D:\JDK1.8\jre
03 26, 2021 10:21:01 上午 Bootstrap logJVM
INFO : JVM Version:		1.8.0_65-b17
03 26, 2021 10:21:01 上午 Bootstrap logJVM
INFO : JVM Vendor:		Oracle Corporation
03 26, 2021 10:21:01 上午 Context <init>
INFO : Deploying web application directory E:\project\diytomcat\webapps\a
03 26, 2021 10:21:01 上午 Context <init>
INFO : Deployment of web application directory E:\project\diytomcat\webapps\a has finished in 0 ms
03 26, 2021 10:21:01 上午 Context <init>
INFO : Deploying web application directory E:\project\diytomcat\webapps\ROOT
03 26, 2021 10:21:01 上午 Context <init>
INFO : Deployment of web application directory E:\project\diytomcat\webapps\ROOT has finished in 0 ms
03 26, 2021 10:21:01 上午 Context <init>
INFO : Deploying web application directory e:/project/diytomcat/b
03 26, 2021 10:21:01 上午 Context <init>
INFO : Deployment of web application directory e:/project/diytomcat/b has finished in 0 ms
03 26, 2021 11:00:06 上午 Bootstrap logJVM
INFO : Server version:		How2J DiyTomcat/1.0.1
03 26, 2021 11:00:06 上午 Bootstrap logJVM
INFO : Server built:		2020-04-08 10:20:22
03 26, 2021 11:00:06 上午 Bootstrap logJVM
INFO : Server number:		1.0.1
03 26, 2021 11:00:06 上午 Bootstrap logJVM
INFO : OS Name	:		Windows 7
03 26, 2021 11:00:06 上午 Bootstrap logJVM
INFO : OS Version:		6.1
03 26, 2021 11:00:06 上午 Bootstrap logJVM
INFO : Architecture:		x86
03 26, 2021 11:00:06 上午 Bootstrap logJVM
INFO : Java Home:		D:\JDK1.8\jre
03 26, 2021 11:00:06 上午 Bootstrap logJVM
INFO : JVM Version:		1.8.0_65-b17
03 26, 2021 11:00:06 上午 Bootstrap logJVM
INFO : JVM Vendor:		Oracle Corporation
03 26, 2021 11:00:06 上午 Context <init>
INFO : Deploying web application directory E:\project\diytomcat\webapps\a
03 26, 2021 11:00:06 上午 Context <init>
INFO : Deployment of web application directory E:\project\diytomcat\webapps\a has finished in 0 ms
03 26, 2021 11:00:06 上午 Context <init>
INFO : Deploying web application directory E:\project\diytomcat\webapps\ROOT
03 26, 2021 11:00:06 上午 Context <init>
INFO : Deployment of web application directory E:\project\diytomcat\webapps\ROOT has finished in 0 ms
03 26, 2021 11:00:06 上午 Context <init>
INFO : Deploying web application directory e:/project/diytomcat/b
03 26, 2021 11:00:06 上午 Context <init>
INFO : Deployment of web application directory e:/project/diytomcat/b has finished in 0 ms
03 26, 2021 11:01:07 上午 Bootstrap logJVM
INFO : Server version:		How2J DiyTomcat/1.0.1
03 26, 2021 11:01:07 上午 Bootstrap logJVM
INFO : Server built:		2020-04-08 10:20:22
03 26, 2021 11:01:07 上午 Bootstrap logJVM
INFO : Server number:		1.0.1
03 26, 2021 11:01:07 上午 Bootstrap logJVM
INFO : OS Name	:		Windows 7
03 26, 2021 11:01:07 上午 Bootstrap logJVM
INFO : OS Version:		6.1
03 26, 2021 11:01:07 上午 Bootstrap logJVM
INFO : Architecture:		x86
03 26, 2021 11:01:07 上午 Bootstrap logJVM
INFO : Java Home:		D:\JDK1.8\jre
03 26, 2021 11:01:07 上午 Bootstrap logJVM
INFO : JVM Version:		1.8.0_65-b17
03 26, 2021 11:01:07 上午 Bootstrap logJVM
INFO : JVM Vendor:		Oracle Corporation
03 26, 2021 11:01:07 上午 Context <init>
INFO : Deploying web application directory E:\project\diytomcat\webapps\a
03 26, 2021 11:01:07 上午 Context <init>
INFO : Deployment of web application directory E:\project\diytomcat\webapps\a has finished in 0 ms
03 26, 2021 11:01:07 上午 Context <init>
INFO : Deploying web application directory E:\project\diytomcat\webapps\ROOT
03 26, 2021 11:01:07 上午 Context <init>
INFO : Deployment of web application directory E:\project\diytomcat\webapps\ROOT has finished in 1 ms
03 26, 2021 11:01:07 上午 Context <init>
INFO : Deploying web application directory e:/project/diytomcat/b
03 26, 2021 11:01:07 上午 Context <init>
INFO : Deployment of web application directory e:/project/diytomcat/b has finished in 0 ms
03 26, 2021 11:02:25 上午 Bootstrap logJVM
INFO : Server version:		How2J DiyTomcat/1.0.1
03 26, 2021 11:02:25 上午 Bootstrap logJVM
INFO : Server built:		2020-04-08 10:20:22
03 26, 2021 11:02:25 上午 Bootstrap logJVM
INFO : Server number:		1.0.1
03 26, 2021 11:02:25 上午 Bootstrap logJVM
INFO : OS Name	:		Windows 7
03 26, 2021 11:02:25 上午 Bootstrap logJVM
INFO : OS Version:		6.1
03 26, 2021 11:02:25 上午 Bootstrap logJVM
INFO : Architecture:		x86
03 26, 2021 11:02:25 上午 Bootstrap logJVM
INFO : Java Home:		D:\JDK1.8\jre
03 26, 2021 11:02:25 上午 Bootstrap logJVM
INFO : JVM Version:		1.8.0_65-b17
03 26, 2021 11:02:25 上午 Bootstrap logJVM
INFO : JVM Vendor:		Oracle Corporation
03 26, 2021 11:02:25 上午 Context <init>
INFO : Deploying web application directory E:\project\diytomcat\webapps\a
03 26, 2021 11:02:25 上午 Context <init>
INFO : Deployment of web application directory E:\project\diytomcat\webapps\a has finished in 0 ms
03 26, 2021 11:02:25 上午 Context <init>
INFO : Deploying web application directory E:\project\diytomcat\webapps\ROOT
03 26, 2021 11:02:25 上午 Context <init>
INFO : Deployment of web application directory E:\project\diytomcat\webapps\ROOT has finished in 0 ms
03 26, 2021 11:02:25 上午 Context <init>
INFO : Deploying web application directory e:/project/diytomcat/b
03 26, 2021 11:02:25 上午 Context <init>
INFO : Deployment of web application directory e:/project/diytomcat/b has finished in 0 ms
03 26, 2021 11:02:42 上午 Bootstrap logJVM
INFO : Server version:		How2J DiyTomcat/1.0.1
03 26, 2021 11:02:42 上午 Bootstrap logJVM
INFO : Server built:		2020-04-08 10:20:22
03 26, 2021 11:02:42 上午 Bootstrap logJVM
INFO : Server number:		1.0.1
03 26, 2021 11:02:42 上午 Bootstrap logJVM
INFO : OS Name	:		Windows 7
03 26, 2021 11:02:42 上午 Bootstrap logJVM
INFO : OS Version:		6.1
03 26, 2021 11:02:42 上午 Bootstrap logJVM
INFO : Architecture:		x86
03 26, 2021 11:02:42 上午 Bootstrap logJVM
INFO : Java Home:		D:\JDK1.8\jre
03 26, 2021 11:02:42 上午 Bootstrap logJVM
INFO : JVM Version:		1.8.0_65-b17
03 26, 2021 11:02:42 上午 Bootstrap logJVM
INFO : JVM Vendor:		Oracle Corporation
03 26, 2021 11:02:42 上午 Context <init>
INFO : Deploying web application directory E:\project\diytomcat\webapps\a
03 26, 2021 11:02:42 上午 Context <init>
INFO : Deployment of web application directory E:\project\diytomcat\webapps\a has finished in 0 ms
03 26, 2021 11:02:42 上午 Context <init>
INFO : Deploying web application directory E:\project\diytomcat\webapps\ROOT
03 26, 2021 11:02:42 上午 Context <init>
INFO : Deployment of web application directory E:\project\diytomcat\webapps\ROOT has finished in 0 ms
03 26, 2021 11:02:42 上午 Context <init>
INFO : Deploying web application directory e:/project/diytomcat/b
03 26, 2021 11:02:42 上午 Context <init>
INFO : Deployment of web application directory e:/project/diytomcat/b has finished in 0 ms
03 26, 2021 11:03:48 上午 Bootstrap logJVM
INFO : Server version:		How2J DiyTomcat/1.0.1
03 26, 2021 11:03:48 上午 Bootstrap logJVM
INFO : Server built:		2020-04-08 10:20:22
03 26, 2021 11:03:48 上午 Bootstrap logJVM
INFO : Server number:		1.0.1
03 26, 2021 11:03:48 上午 Bootstrap logJVM
INFO : OS Name	:		Windows 7
03 26, 2021 11:03:48 上午 Bootstrap logJVM
INFO : OS Version:		6.1
03 26, 2021 11:03:48 上午 Bootstrap logJVM
INFO : Architecture:		x86
03 26, 2021 11:03:48 上午 Bootstrap logJVM
INFO : Java Home:		D:\JDK1.8\jre
03 26, 2021 11:03:48 上午 Bootstrap logJVM
INFO : JVM Version:		1.8.0_65-b17
03 26, 2021 11:03:48 上午 Bootstrap logJVM
INFO : JVM Vendor:		Oracle Corporation
03 26, 2021 11:03:48 上午 Context <init>
INFO : Deploying web application directory E:\project\diytomcat\webapps\a
03 26, 2021 11:03:48 上午 Context <init>
INFO : Deployment of web application directory E:\project\diytomcat\webapps\a has finished in 1 ms
03 26, 2021 11:03:48 上午 Context <init>
INFO : Deploying web application directory E:\project\diytomcat\webapps\ROOT
03 26, 2021 11:03:48 上午 Context <init>
INFO : Deployment of web application directory E:\project\diytomcat\webapps\ROOT has finished in 1 ms
03 26, 2021 11:03:48 上午 Context <init>
INFO : Deploying web application directory e:/project/diytomcat/b
03 26, 2021 11:03:48 上午 Context <init>
INFO : Deployment of web application directory e:/project/diytomcat/b has finished in 1 ms
03 26, 2021 11:26:01 上午 Bootstrap logJVM
INFO : Server version:		How2J DiyTomcat/1.0.1
03 26, 2021 11:26:01 上午 Bootstrap logJVM
INFO : Server built:		2020-04-08 10:20:22
03 26, 2021 11:26:01 上午 Bootstrap logJVM
INFO : Server number:		1.0.1
03 26, 2021 11:26:01 上午 Bootstrap logJVM
INFO : OS Name	:		Windows 7
03 26, 2021 11:26:01 上午 Bootstrap logJVM
INFO : OS Version:		6.1
03 26, 2021 11:26:01 上午 Bootstrap logJVM
INFO : Architecture:		x86
03 26, 2021 11:26:01 上午 Bootstrap logJVM
INFO : Java Home:		D:\JDK1.8\jre
03 26, 2021 11:26:01 上午 Bootstrap logJVM
INFO : JVM Version:		1.8.0_65-b17
03 26, 2021 11:26:01 上午 Bootstrap logJVM
INFO : JVM Vendor:		Oracle Corporation
03 26, 2021 11:26:02 上午 Context <init>
INFO : Deploying web application directory E:\project\diytomcat\webapps\a
03 26, 2021 11:26:02 上午 Context <init>
INFO : Deployment of web application directory E:\project\diytomcat\webapps\a has finished in 1 ms
03 26, 2021 11:26:02 上午 Context <init>
INFO : Deploying web application directory E:\project\diytomcat\webapps\ROOT
03 26, 2021 11:26:02 上午 Context <init>
INFO : Deployment of web application directory E:\project\diytomcat\webapps\ROOT has finished in 1 ms
03 26, 2021 11:26:02 上午 Context <init>
INFO : Deploying web application directory e:/project/diytomcat/b
03 26, 2021 11:26:02 上午 Context <init>
INFO : Deployment of web application directory e:/project/diytomcat/b has finished in 0 ms
