03 31, 2021 16:26:55 下午 Context <init>
INFO : Deploying web application directory E:\project\diytomcat\webapps\a
03 31, 2021 16:26:55 下午 Context <init>
INFO : Deployment of web application directory E:\project\diytomcat\webapps\a has finished in 156 ms
03 31, 2021 16:26:55 下午 Context <init>
INFO : Deploying web application directory E:\project\diytomcat\webapps\ROOT
03 31, 2021 16:26:55 下午 Context <init>
INFO : Deployment of web application directory E:\project\diytomcat\webapps\ROOT has finished in 0 ms
03 31, 2021 16:26:55 下午 Context <init>
INFO : Deploying web application directory d:/project/diytomcat/b
03 31, 2021 16:26:55 下午 Context <init>
INFO : Deployment of web application directory d:/project/diytomcat/b has finished in 1 ms
03 31, 2021 16:26:55 下午 Server logJVM
INFO : Server version:		How2J DiyTomcat/1.0.1
03 31, 2021 16:26:55 下午 Server logJVM
INFO : Server built:		2020-04-08 10:20:22
03 31, 2021 16:26:55 下午 Server logJVM
INFO : Server number:		1.0.1
03 31, 2021 16:26:55 下午 Server logJVM
INFO : OS Name	:		Windows 7
03 31, 2021 16:26:55 下午 Server logJVM
INFO : OS Version:		6.1
03 31, 2021 16:26:55 下午 Server logJVM
INFO : Architecture:		x86
03 31, 2021 16:26:55 下午 Server logJVM
INFO : Java Home:		D:\JDK1.8\jre
03 31, 2021 16:26:55 下午 Server logJVM
INFO : JVM Version:		1.8.0_65-b17
03 31, 2021 16:26:55 下午 Server logJVM
INFO : JVM Vendor:		Oracle Corporation
03 31, 2021 21:23:33 下午 Context <init>
INFO : Deploying web application directory E:\project\diytomcat\webapps\a
03 31, 2021 21:23:33 下午 Context <init>
INFO : Deployment of web application directory E:\project\diytomcat\webapps\a has finished in 117 ms
03 31, 2021 21:23:33 下午 Context <init>
INFO : Deploying web application directory E:\project\diytomcat\webapps\ROOT
03 31, 2021 21:23:33 下午 Context <init>
INFO : Deployment of web application directory E:\project\diytomcat\webapps\ROOT has finished in 0 ms
03 31, 2021 21:23:33 下午 Context <init>
INFO : Deploying web application directory d:/project/diytomcat/b
03 31, 2021 21:23:33 下午 Context <init>
INFO : Deployment of web application directory d:/project/diytomcat/b has finished in 0 ms
03 31, 2021 21:23:33 下午 Server logJVM
INFO : Server version:		How2J DiyTomcat/1.0.1
03 31, 2021 21:23:33 下午 Server logJVM
INFO : Server built:		2020-04-08 10:20:22
03 31, 2021 21:23:33 下午 Server logJVM
INFO : Server number:		1.0.1
03 31, 2021 21:23:33 下午 Server logJVM
INFO : OS Name	:		Windows 7
03 31, 2021 21:23:33 下午 Server logJVM
INFO : OS Version:		6.1
03 31, 2021 21:23:33 下午 Server logJVM
INFO : Architecture:		x86
03 31, 2021 21:23:33 下午 Server logJVM
INFO : Java Home:		D:\JDK1.8\jre
03 31, 2021 21:23:33 下午 Server logJVM
INFO : JVM Version:		1.8.0_65-b17
03 31, 2021 21:23:33 下午 Server logJVM
INFO : JVM Vendor:		Oracle Corporation
03 31, 2021 21:23:33 下午 Server error
ERROR: Address already in use: JVM_Bind
java.net.BindException: Address already in use: JVM_Bind
	at java.net.DualStackPlainSocketImpl.bind0(Native Method)
	at java.net.DualStackPlainSocketImpl.socketBind(DualStackPlainSocketImpl.java:106)
	at java.net.AbstractPlainSocketImpl.bind(AbstractPlainSocketImpl.java:387)
	at java.net.PlainSocketImpl.bind(PlainSocketImpl.java:190)
	at java.net.ServerSocket.bind(ServerSocket.java:375)
	at java.net.ServerSocket.<init>(ServerSocket.java:237)
	at java.net.ServerSocket.<init>(ServerSocket.java:128)
	at Server.init(Server.java:39)
	at Server.start(Server.java:33)
	at Bootstrap.main(Bootstrap.java:8)
