04 01, 2021 17:32:54 下午 Context <init>
INFO : Deploying web application directory E:\project\diytomcat\webapps\a
04 01, 2021 17:32:54 下午 Context <init>
INFO : Deployment of web application directory E:\project\diytomcat\webapps\a has finished in 110 ms
04 01, 2021 17:32:54 下午 Context <init>
INFO : Deploying web application directory E:\project\diytomcat\webapps\ROOT
04 01, 2021 17:32:54 下午 Context <init>
INFO : Deployment of web application directory E:\project\diytomcat\webapps\ROOT has finished in 1 ms
04 01, 2021 17:32:54 下午 Context <init>
INFO : Deploying web application directory d:/project/diytomcat/b
04 01, 2021 17:32:54 下午 Context <init>
INFO : Deployment of web application directory d:/project/diytomcat/b has finished in 0 ms
04 01, 2021 17:32:54 下午 Server logJVM
INFO : Server version:		How2J DiyTomcat/1.0.1
04 01, 2021 17:32:54 下午 Server logJVM
INFO : Server built:		2020-04-08 10:20:22
04 01, 2021 17:32:54 下午 Server logJVM
INFO : Server number:		1.0.1
04 01, 2021 17:32:54 下午 Server logJVM
INFO : OS Name	:		Windows 7
04 01, 2021 17:32:54 下午 Server logJVM
INFO : OS Version:		6.1
04 01, 2021 17:32:54 下午 Server logJVM
INFO : Architecture:		x86
04 01, 2021 17:32:54 下午 Server logJVM
INFO : Java Home:		D:\JDK1.8\jre
04 01, 2021 17:32:54 下午 Server logJVM
INFO : JVM Version:		1.8.0_65-b17
04 01, 2021 17:32:54 下午 Server logJVM
INFO : JVM Vendor:		Oracle Corporation
04 01, 2021 17:33:04 下午 Server$1 error
ERROR: this is a deliberately created exception
java.lang.Exception: this is a deliberately created exception
	at Server$1.run(Server.java:56)
	at java.util.concurrent.ThreadPoolExecutor.runWorker(ThreadPoolExecutor.java:1142)
	at java.util.concurrent.ThreadPoolExecutor$Worker.run(ThreadPoolExecutor.java:617)
	at java.lang.Thread.run(Thread.java:745)
04 01, 2021 17:38:43 下午 Server$1 error
ERROR: this is a deliberately created exception
java.lang.Exception: this is a deliberately created exception
	at Server$1.run(Server.java:56)
	at java.util.concurrent.ThreadPoolExecutor.runWorker(ThreadPoolExecutor.java:1142)
	at java.util.concurrent.ThreadPoolExecutor$Worker.run(ThreadPoolExecutor.java:617)
	at java.lang.Thread.run(Thread.java:745)
04 01, 2021 17:41:33 下午 Context <init>
INFO : Deploying web application directory E:\project\diytomcat\webapps\a
04 01, 2021 17:41:33 下午 Context <init>
INFO : Deployment of web application directory E:\project\diytomcat\webapps\a has finished in 90 ms
04 01, 2021 17:41:33 下午 Context <init>
INFO : Deploying web application directory E:\project\diytomcat\webapps\ROOT
04 01, 2021 17:41:33 下午 Context <init>
INFO : Deployment of web application directory E:\project\diytomcat\webapps\ROOT has finished in 0 ms
04 01, 2021 17:41:33 下午 Context <init>
INFO : Deploying web application directory d:/project/diytomcat/b
04 01, 2021 17:41:33 下午 Context <init>
INFO : Deployment of web application directory d:/project/diytomcat/b has finished in 0 ms
04 01, 2021 17:41:33 下午 Server logJVM
INFO : Server version:		How2J DiyTomcat/1.0.1
04 01, 2021 17:41:33 下午 Server logJVM
INFO : Server built:		2020-04-08 10:20:22
04 01, 2021 17:41:33 下午 Server logJVM
INFO : Server number:		1.0.1
04 01, 2021 17:41:33 下午 Server logJVM
INFO : OS Name	:		Windows 7
04 01, 2021 17:41:33 下午 Server logJVM
INFO : OS Version:		6.1
04 01, 2021 17:41:33 下午 Server logJVM
INFO : Architecture:		x86
04 01, 2021 17:41:33 下午 Server logJVM
INFO : Java Home:		D:\JDK1.8\jre
04 01, 2021 17:41:33 下午 Server logJVM
INFO : JVM Version:		1.8.0_65-b17
04 01, 2021 17:41:33 下午 Server logJVM
INFO : JVM Vendor:		Oracle Corporation
04 01, 2021 17:41:36 下午 Server$1 error
ERROR: this is a deliberately created exception
java.lang.Exception: this is a deliberately created exception
	at Server$1.run(Server.java:56)
	at java.util.concurrent.ThreadPoolExecutor.runWorker(ThreadPoolExecutor.java:1142)
	at java.util.concurrent.ThreadPoolExecutor$Worker.run(ThreadPoolExecutor.java:617)
	at java.lang.Thread.run(Thread.java:745)
04 01, 2021 17:42:02 下午 Context <init>
INFO : Deploying web application directory E:\project\diytomcat\webapps\a
04 01, 2021 17:42:02 下午 Context <init>
INFO : Deployment of web application directory E:\project\diytomcat\webapps\a has finished in 89 ms
04 01, 2021 17:42:02 下午 Context <init>
INFO : Deploying web application directory E:\project\diytomcat\webapps\ROOT
04 01, 2021 17:42:02 下午 Context <init>
INFO : Deployment of web application directory E:\project\diytomcat\webapps\ROOT has finished in 0 ms
04 01, 2021 17:42:02 下午 Context <init>
INFO : Deploying web application directory d:/project/diytomcat/b
04 01, 2021 17:42:02 下午 Context <init>
INFO : Deployment of web application directory d:/project/diytomcat/b has finished in 0 ms
04 01, 2021 17:42:02 下午 Server logJVM
INFO : Server version:		How2J DiyTomcat/1.0.1
04 01, 2021 17:42:02 下午 Server logJVM
INFO : Server built:		2020-04-08 10:20:22
04 01, 2021 17:42:02 下午 Server logJVM
INFO : Server number:		1.0.1
04 01, 2021 17:42:02 下午 Server logJVM
INFO : OS Name	:		Windows 7
04 01, 2021 17:42:02 下午 Server logJVM
INFO : OS Version:		6.1
04 01, 2021 17:42:02 下午 Server logJVM
INFO : Architecture:		x86
04 01, 2021 17:42:02 下午 Server logJVM
INFO : Java Home:		D:\JDK1.8\jre
04 01, 2021 17:42:02 下午 Server logJVM
INFO : JVM Version:		1.8.0_65-b17
04 01, 2021 17:42:02 下午 Server logJVM
INFO : JVM Vendor:		Oracle Corporation
04 01, 2021 17:42:04 下午 Server$1 error
ERROR: this is a deliberately created exception
java.lang.Exception: this is a deliberately created exception
	at Server$1.run(Server.java:56)
	at java.util.concurrent.ThreadPoolExecutor.runWorker(ThreadPoolExecutor.java:1142)
	at java.util.concurrent.ThreadPoolExecutor$Worker.run(ThreadPoolExecutor.java:617)
	at java.lang.Thread.run(Thread.java:745)
04 01, 2021 19:12:59 下午 Context <init>
INFO : Deploying web application directory E:\project\diytomcat\webapps\a
04 01, 2021 19:12:59 下午 Context <init>
INFO : Deployment of web application directory E:\project\diytomcat\webapps\a has finished in 135 ms
04 01, 2021 19:12:59 下午 Context <init>
INFO : Deploying web application directory E:\project\diytomcat\webapps\ROOT
04 01, 2021 19:12:59 下午 Context <init>
INFO : Deployment of web application directory E:\project\diytomcat\webapps\ROOT has finished in 0 ms
04 01, 2021 19:12:59 下午 Context <init>
INFO : Deploying web application directory d:/project/diytomcat/b
04 01, 2021 19:12:59 下午 Context <init>
INFO : Deployment of web application directory d:/project/diytomcat/b has finished in 0 ms
04 01, 2021 19:12:59 下午 Server logJVM
INFO : Server version:		How2J DiyTomcat/1.0.1
04 01, 2021 19:12:59 下午 Server logJVM
INFO : Server built:		2020-04-08 10:20:22
04 01, 2021 19:12:59 下午 Server logJVM
INFO : Server number:		1.0.1
04 01, 2021 19:12:59 下午 Server logJVM
INFO : OS Name	:		Windows 7
04 01, 2021 19:12:59 下午 Server logJVM
INFO : OS Version:		6.1
04 01, 2021 19:12:59 下午 Server logJVM
INFO : Architecture:		x86
04 01, 2021 19:12:59 下午 Server logJVM
INFO : Java Home:		D:\JDK1.8\jre
04 01, 2021 19:12:59 下午 Server logJVM
INFO : JVM Version:		1.8.0_65-b17
04 01, 2021 19:12:59 下午 Server logJVM
INFO : JVM Vendor:		Oracle Corporation
04 01, 2021 19:12:59 下午 Server error
ERROR: Address already in use: JVM_Bind
java.net.BindException: Address already in use: JVM_Bind
	at java.net.DualStackPlainSocketImpl.bind0(Native Method)
	at java.net.DualStackPlainSocketImpl.socketBind(DualStackPlainSocketImpl.java:106)
	at java.net.AbstractPlainSocketImpl.bind(AbstractPlainSocketImpl.java:387)
	at java.net.PlainSocketImpl.bind(PlainSocketImpl.java:190)
	at java.net.ServerSocket.bind(ServerSocket.java:375)
	at java.net.ServerSocket.<init>(ServerSocket.java:237)
	at java.net.ServerSocket.<init>(ServerSocket.java:128)
	at Server.init(Server.java:38)
	at Server.start(Server.java:32)
	at Bootstrap.main(Bootstrap.java:8)
04 01, 2021 19:13:06 下午 Context <init>
INFO : Deploying web application directory E:\project\diytomcat\webapps\a
04 01, 2021 19:13:06 下午 Context <init>
INFO : Deployment of web application directory E:\project\diytomcat\webapps\a has finished in 95 ms
04 01, 2021 19:13:06 下午 Context <init>
INFO : Deploying web application directory E:\project\diytomcat\webapps\ROOT
04 01, 2021 19:13:06 下午 Context <init>
INFO : Deployment of web application directory E:\project\diytomcat\webapps\ROOT has finished in 0 ms
04 01, 2021 19:13:06 下午 Context <init>
INFO : Deploying web application directory d:/project/diytomcat/b
04 01, 2021 19:13:06 下午 Context <init>
INFO : Deployment of web application directory d:/project/diytomcat/b has finished in 1 ms
04 01, 2021 19:13:06 下午 Server logJVM
INFO : Server version:		How2J DiyTomcat/1.0.1
04 01, 2021 19:13:06 下午 Server logJVM
INFO : Server built:		2020-04-08 10:20:22
04 01, 2021 19:13:06 下午 Server logJVM
INFO : Server number:		1.0.1
04 01, 2021 19:13:06 下午 Server logJVM
INFO : OS Name	:		Windows 7
04 01, 2021 19:13:06 下午 Server logJVM
INFO : OS Version:		6.1
04 01, 2021 19:13:06 下午 Server logJVM
INFO : Architecture:		x86
04 01, 2021 19:13:06 下午 Server logJVM
INFO : Java Home:		D:\JDK1.8\jre
04 01, 2021 19:13:06 下午 Server logJVM
INFO : JVM Version:		1.8.0_65-b17
04 01, 2021 19:13:06 下午 Server logJVM
INFO : JVM Vendor:		Oracle Corporation
04 01, 2021 19:13:17 下午 Server$1 error
ERROR: this is a deliberately created exception
java.lang.Exception: this is a deliberately created exception
	at Server$1.run(Server.java:56)
	at java.util.concurrent.ThreadPoolExecutor.runWorker(ThreadPoolExecutor.java:1142)
	at java.util.concurrent.ThreadPoolExecutor$Worker.run(ThreadPoolExecutor.java:617)
	at java.lang.Thread.run(Thread.java:745)
04 01, 2021 19:17:26 下午 Context <init>
INFO : Deploying web application directory E:\project\diytomcat\webapps\a
04 01, 2021 19:17:26 下午 Context <init>
INFO : Deployment of web application directory E:\project\diytomcat\webapps\a has finished in 97 ms
04 01, 2021 19:17:26 下午 Context <init>
INFO : Deploying web application directory E:\project\diytomcat\webapps\ROOT
04 01, 2021 19:17:26 下午 Context <init>
INFO : Deployment of web application directory E:\project\diytomcat\webapps\ROOT has finished in 0 ms
04 01, 2021 19:17:26 下午 Context <init>
INFO : Deploying web application directory d:/project/diytomcat/b
04 01, 2021 19:17:26 下午 Context <init>
INFO : Deployment of web application directory d:/project/diytomcat/b has finished in 0 ms
04 01, 2021 19:17:26 下午 Server logJVM
INFO : Server version:		How2J DiyTomcat/1.0.1
04 01, 2021 19:17:26 下午 Server logJVM
INFO : Server built:		2020-04-08 10:20:22
04 01, 2021 19:17:26 下午 Server logJVM
INFO : Server number:		1.0.1
04 01, 2021 19:17:26 下午 Server logJVM
INFO : OS Name	:		Windows 7
04 01, 2021 19:17:26 下午 Server logJVM
INFO : OS Version:		6.1
04 01, 2021 19:17:26 下午 Server logJVM
INFO : Architecture:		x86
04 01, 2021 19:17:26 下午 Server logJVM
INFO : Java Home:		D:\JDK1.8\jre
04 01, 2021 19:17:26 下午 Server logJVM
INFO : JVM Version:		1.8.0_65-b17
04 01, 2021 19:17:26 下午 Server logJVM
INFO : JVM Vendor:		Oracle Corporation
04 01, 2021 19:17:28 下午 Server$1 error
ERROR: this is a deliberately created exception
java.lang.Exception: this is a deliberately created exception
	at Server$1.run(Server.java:56)
	at java.util.concurrent.ThreadPoolExecutor.runWorker(ThreadPoolExecutor.java:1142)
	at java.util.concurrent.ThreadPoolExecutor$Worker.run(ThreadPoolExecutor.java:617)
	at java.lang.Thread.run(Thread.java:745)
04 01, 2021 19:21:26 下午 Context <init>
INFO : Deploying web application directory E:\project\diytomcat\webapps\a
04 01, 2021 19:21:26 下午 Context <init>
INFO : Deployment of web application directory E:\project\diytomcat\webapps\a has finished in 110 ms
04 01, 2021 19:21:26 下午 Context <init>
INFO : Deploying web application directory E:\project\diytomcat\webapps\ROOT
04 01, 2021 19:21:26 下午 Context <init>
INFO : Deployment of web application directory E:\project\diytomcat\webapps\ROOT has finished in 1 ms
04 01, 2021 19:21:26 下午 Context <init>
INFO : Deploying web application directory d:/project/diytomcat/b
04 01, 2021 19:21:26 下午 Context <init>
INFO : Deployment of web application directory d:/project/diytomcat/b has finished in 0 ms
04 01, 2021 19:21:26 下午 Server logJVM
INFO : Server version:		How2J DiyTomcat/1.0.1
04 01, 2021 19:21:26 下午 Server logJVM
INFO : Server built:		2020-04-08 10:20:22
04 01, 2021 19:21:26 下午 Server logJVM
INFO : Server number:		1.0.1
04 01, 2021 19:21:26 下午 Server logJVM
INFO : OS Name	:		Windows 7
04 01, 2021 19:21:26 下午 Server logJVM
INFO : OS Version:		6.1
04 01, 2021 19:21:26 下午 Server logJVM
INFO : Architecture:		x86
04 01, 2021 19:21:26 下午 Server logJVM
INFO : Java Home:		D:\JDK1.8\jre
04 01, 2021 19:21:26 下午 Server logJVM
INFO : JVM Version:		1.8.0_65-b17
04 01, 2021 19:21:26 下午 Server logJVM
INFO : JVM Vendor:		Oracle Corporation
04 01, 2021 19:21:28 下午 Server$1 error
ERROR: this is a deliberately created exception
java.lang.Exception: this is a deliberately created exception
	at Server$1.run(Server.java:56)
	at java.util.concurrent.ThreadPoolExecutor.runWorker(ThreadPoolExecutor.java:1142)
	at java.util.concurrent.ThreadPoolExecutor$Worker.run(ThreadPoolExecutor.java:617)
	at java.lang.Thread.run(Thread.java:745)
04 01, 2021 19:22:08 下午 Context <init>
INFO : Deploying web application directory E:\project\diytomcat\webapps\a
04 01, 2021 19:22:08 下午 Context <init>
INFO : Deployment of web application directory E:\project\diytomcat\webapps\a has finished in 95 ms
04 01, 2021 19:22:08 下午 Context <init>
INFO : Deploying web application directory E:\project\diytomcat\webapps\ROOT
04 01, 2021 19:22:08 下午 Context <init>
INFO : Deployment of web application directory E:\project\diytomcat\webapps\ROOT has finished in 0 ms
04 01, 2021 19:22:08 下午 Context <init>
INFO : Deploying web application directory d:/project/diytomcat/b
04 01, 2021 19:22:08 下午 Context <init>
INFO : Deployment of web application directory d:/project/diytomcat/b has finished in 0 ms
04 01, 2021 19:22:08 下午 Server logJVM
INFO : Server version:		How2J DiyTomcat/1.0.1
04 01, 2021 19:22:08 下午 Server logJVM
INFO : Server built:		2020-04-08 10:20:22
04 01, 2021 19:22:08 下午 Server logJVM
INFO : Server number:		1.0.1
04 01, 2021 19:22:08 下午 Server logJVM
INFO : OS Name	:		Windows 7
04 01, 2021 19:22:08 下午 Server logJVM
INFO : OS Version:		6.1
04 01, 2021 19:22:08 下午 Server logJVM
INFO : Architecture:		x86
04 01, 2021 19:22:08 下午 Server logJVM
INFO : Java Home:		D:\JDK1.8\jre
04 01, 2021 19:22:08 下午 Server logJVM
INFO : JVM Version:		1.8.0_65-b17
04 01, 2021 19:22:08 下午 Server logJVM
INFO : JVM Vendor:		Oracle Corporation
04 01, 2021 19:22:11 下午 Server$1 error
ERROR: this is a deliberately created exception
java.lang.Exception: this is a deliberately created exception
	at Server$1.run(Server.java:56)
	at java.util.concurrent.ThreadPoolExecutor.runWorker(ThreadPoolExecutor.java:1142)
	at java.util.concurrent.ThreadPoolExecutor$Worker.run(ThreadPoolExecutor.java:617)
	at java.lang.Thread.run(Thread.java:745)
04 01, 2021 19:47:14 下午 Context <init>
INFO : Deploying web application directory E:\project\diytomcat\webapps\a
04 01, 2021 19:47:14 下午 Context <init>
INFO : Deployment of web application directory E:\project\diytomcat\webapps\a has finished in 149 ms
04 01, 2021 19:47:14 下午 Context <init>
INFO : Deploying web application directory E:\project\diytomcat\webapps\ROOT
04 01, 2021 19:47:14 下午 Context <init>
INFO : Deployment of web application directory E:\project\diytomcat\webapps\ROOT has finished in 0 ms
04 01, 2021 19:47:14 下午 Context <init>
INFO : Deploying web application directory d:/project/diytomcat/b
04 01, 2021 19:47:14 下午 Context <init>
INFO : Deployment of web application directory d:/project/diytomcat/b has finished in 1 ms
04 01, 2021 19:47:14 下午 Server logJVM
INFO : Server version:		How2J DiyTomcat/1.0.1
04 01, 2021 19:47:14 下午 Server logJVM
INFO : Server built:		2020-04-08 10:20:22
04 01, 2021 19:47:14 下午 Server logJVM
INFO : Server number:		1.0.1
04 01, 2021 19:47:14 下午 Server logJVM
INFO : OS Name	:		Windows 7
04 01, 2021 19:47:14 下午 Server logJVM
INFO : OS Version:		6.1
04 01, 2021 19:47:14 下午 Server logJVM
INFO : Architecture:		x86
04 01, 2021 19:47:14 下午 Server logJVM
INFO : Java Home:		D:\JDK1.8\jre
04 01, 2021 19:47:14 下午 Server logJVM
INFO : JVM Version:		1.8.0_65-b17
04 01, 2021 19:47:14 下午 Server logJVM
INFO : JVM Vendor:		Oracle Corporation
04 01, 2021 19:47:14 下午 Connector init
INFO : Initializing ProtocolHandler [http-bio-18080]
04 01, 2021 19:47:14 下午 Connector init
INFO : Initializing ProtocolHandler [http-bio-18081]
04 01, 2021 19:47:14 下午 Connector init
INFO : Initializing ProtocolHandler [http-bio-18082]
04 01, 2021 19:47:14 下午 Service init
INFO : Initialization processed in 2 ms
04 01, 2021 19:47:14 下午 Connector start
INFO : Starting ProtocolHandler [http-bio-18080]
04 01, 2021 19:47:14 下午 Connector start
INFO : Starting ProtocolHandler [http-bio-18081]
04 01, 2021 19:47:14 下午 Connector start
INFO : Starting ProtocolHandler [http-bio-18082]
04 01, 2021 19:47:14 下午 Server start
INFO : Server startup in 5 ms
04 01, 2021 19:47:17 下午 Connector$1 error
ERROR: this is a deliberately created exception
java.lang.Exception: this is a deliberately created exception
	at Connector$1.run(Connector.java:56)
	at java.util.concurrent.ThreadPoolExecutor.runWorker(ThreadPoolExecutor.java:1142)
	at java.util.concurrent.ThreadPoolExecutor$Worker.run(ThreadPoolExecutor.java:617)
	at java.lang.Thread.run(Thread.java:745)
04 01, 2021 19:55:10 下午 Context <init>
INFO : Deploying web application directory E:\project\diytomcat\webapps\a
04 01, 2021 19:55:10 下午 Context <init>
INFO : Deployment of web application directory E:\project\diytomcat\webapps\a has finished in 129 ms
04 01, 2021 19:55:10 下午 Context <init>
INFO : Deploying web application directory E:\project\diytomcat\webapps\ROOT
04 01, 2021 19:55:10 下午 Context <init>
INFO : Deployment of web application directory E:\project\diytomcat\webapps\ROOT has finished in 0 ms
04 01, 2021 19:55:10 下午 Context <init>
INFO : Deploying web application directory d:/project/diytomcat/b
04 01, 2021 19:55:10 下午 Context <init>
INFO : Deployment of web application directory d:/project/diytomcat/b has finished in 0 ms
04 01, 2021 19:55:10 下午 Server logJVM
INFO : Server version:		How2J DiyTomcat/1.0.1
04 01, 2021 19:55:10 下午 Server logJVM
INFO : Server built:		2020-04-08 10:20:22
04 01, 2021 19:55:10 下午 Server logJVM
INFO : Server number:		1.0.1
04 01, 2021 19:55:10 下午 Server logJVM
INFO : OS Name	:		Windows 7
04 01, 2021 19:55:10 下午 Server logJVM
INFO : OS Version:		6.1
04 01, 2021 19:55:10 下午 Server logJVM
INFO : Architecture:		x86
04 01, 2021 19:55:10 下午 Server logJVM
INFO : Java Home:		D:\JDK1.8\jre
04 01, 2021 19:55:10 下午 Server logJVM
INFO : JVM Version:		1.8.0_65-b17
04 01, 2021 19:55:10 下午 Server logJVM
INFO : JVM Vendor:		Oracle Corporation
04 01, 2021 19:55:10 下午 Connector init
INFO : Initializing ProtocolHandler [http-bio-18080]
04 01, 2021 19:55:10 下午 Connector init
INFO : Initializing ProtocolHandler [http-bio-18081]
04 01, 2021 19:55:10 下午 Connector init
INFO : Initializing ProtocolHandler [http-bio-18082]
04 01, 2021 19:55:10 下午 Service init
INFO : Initialization processed in 2 ms
04 01, 2021 19:55:10 下午 Connector start
INFO : Starting ProtocolHandler [http-bio-18080]
04 01, 2021 19:55:10 下午 Connector start
INFO : Starting ProtocolHandler [http-bio-18081]
04 01, 2021 19:55:10 下午 Connector start
INFO : Starting ProtocolHandler [http-bio-18082]
04 01, 2021 19:55:10 下午 Server start
INFO : Server startup in 5 ms
04 01, 2021 19:55:15 下午 HttpProcessor error
ERROR: this is a deliberately created exception
java.lang.Exception: this is a deliberately created exception
	at HttpProcessor.execute(HttpProcessor.java:28)
	at Connector$1.run(Connector.java:40)
	at java.util.concurrent.ThreadPoolExecutor.runWorker(ThreadPoolExecutor.java:1142)
	at java.util.concurrent.ThreadPoolExecutor$Worker.run(ThreadPoolExecutor.java:617)
	at java.lang.Thread.run(Thread.java:745)
04 01, 2021 21:08:58 下午 Context <init>
INFO : Deploying web application directory E:\project\diytomcat\webapps\a
04 01, 2021 21:08:58 下午 Context <init>
INFO : Deployment of web application directory E:\project\diytomcat\webapps\a has finished in 111 ms
04 01, 2021 21:08:58 下午 Context <init>
INFO : Deploying web application directory E:\project\diytomcat\webapps\ROOT
04 01, 2021 21:08:58 下午 Context <init>
INFO : Deployment of web application directory E:\project\diytomcat\webapps\ROOT has finished in 0 ms
04 01, 2021 21:08:58 下午 Context <init>
INFO : Deploying web application directory d:/project/diytomcat/b
04 01, 2021 21:08:58 下午 Context <init>
INFO : Deployment of web application directory d:/project/diytomcat/b has finished in 0 ms
04 01, 2021 21:08:58 下午 Server logJVM
INFO : Server version:		How2J DiyTomcat/1.0.1
04 01, 2021 21:08:58 下午 Server logJVM
INFO : Server built:		2020-04-08 10:20:22
04 01, 2021 21:08:58 下午 Server logJVM
INFO : Server number:		1.0.1
04 01, 2021 21:08:58 下午 Server logJVM
INFO : OS Name	:		Windows 7
04 01, 2021 21:08:58 下午 Server logJVM
INFO : OS Version:		6.1
04 01, 2021 21:08:58 下午 Server logJVM
INFO : Architecture:		x86
04 01, 2021 21:08:58 下午 Server logJVM
INFO : Java Home:		D:\JDK1.8\jre
04 01, 2021 21:08:58 下午 Server logJVM
INFO : JVM Version:		1.8.0_65-b17
04 01, 2021 21:08:58 下午 Server logJVM
INFO : JVM Vendor:		Oracle Corporation
04 01, 2021 21:08:58 下午 Connector init
INFO : Initializing ProtocolHandler [http-bio-18080]
04 01, 2021 21:08:58 下午 Connector init
INFO : Initializing ProtocolHandler [http-bio-18081]
04 01, 2021 21:08:58 下午 Connector init
INFO : Initializing ProtocolHandler [http-bio-18082]
04 01, 2021 21:08:58 下午 Service init
INFO : Initialization processed in 2 ms
04 01, 2021 21:08:58 下午 Connector start
INFO : Starting ProtocolHandler [http-bio-18080]
04 01, 2021 21:08:58 下午 Connector start
INFO : Starting ProtocolHandler [http-bio-18081]
04 01, 2021 21:08:58 下午 Connector start
INFO : Starting ProtocolHandler [http-bio-18082]
04 01, 2021 21:08:58 下午 Server start
INFO : Server startup in 5 ms
04 01, 2021 21:09:01 下午 HttpProcessor error
ERROR: this is a deliberately created exception
java.lang.Exception: this is a deliberately created exception
	at HttpProcessor.execute(HttpProcessor.java:30)
	at Connector$1.run(Connector.java:39)
	at java.util.concurrent.ThreadPoolExecutor.runWorker(ThreadPoolExecutor.java:1142)
	at java.util.concurrent.ThreadPoolExecutor$Worker.run(ThreadPoolExecutor.java:617)
	at java.lang.Thread.run(Thread.java:745)
04 01, 2021 21:10:15 下午 Context <init>
INFO : Deploying web application directory E:\project\diytomcat\webapps\a
04 01, 2021 21:10:15 下午 Context <init>
INFO : Deployment of web application directory E:\project\diytomcat\webapps\a has finished in 97 ms
04 01, 2021 21:10:15 下午 Context <init>
INFO : Deploying web application directory E:\project\diytomcat\webapps\ROOT
04 01, 2021 21:10:15 下午 Context <init>
INFO : Deployment of web application directory E:\project\diytomcat\webapps\ROOT has finished in 1 ms
04 01, 2021 21:10:15 下午 Context <init>
INFO : Deploying web application directory d:/project/diytomcat/b
04 01, 2021 21:10:15 下午 Context <init>
INFO : Deployment of web application directory d:/project/diytomcat/b has finished in 0 ms
04 01, 2021 21:10:15 下午 Server logJVM
INFO : Server version:		How2J DiyTomcat/1.0.1
04 01, 2021 21:10:15 下午 Server logJVM
INFO : Server built:		2020-04-08 10:20:22
04 01, 2021 21:10:15 下午 Server logJVM
INFO : Server number:		1.0.1
04 01, 2021 21:10:15 下午 Server logJVM
INFO : OS Name	:		Windows 7
04 01, 2021 21:10:15 下午 Server logJVM
INFO : OS Version:		6.1
04 01, 2021 21:10:15 下午 Server logJVM
INFO : Architecture:		x86
04 01, 2021 21:10:15 下午 Server logJVM
INFO : Java Home:		D:\JDK1.8\jre
04 01, 2021 21:10:15 下午 Server logJVM
INFO : JVM Version:		1.8.0_65-b17
04 01, 2021 21:10:15 下午 Server logJVM
INFO : JVM Vendor:		Oracle Corporation
04 01, 2021 21:10:15 下午 Connector init
INFO : Initializing ProtocolHandler [http-bio-18080]
04 01, 2021 21:10:15 下午 Connector init
INFO : Initializing ProtocolHandler [http-bio-18081]
04 01, 2021 21:10:15 下午 Connector init
INFO : Initializing ProtocolHandler [http-bio-18082]
04 01, 2021 21:10:15 下午 Service init
INFO : Initialization processed in 2 ms
04 01, 2021 21:10:15 下午 Connector start
INFO : Starting ProtocolHandler [http-bio-18080]
04 01, 2021 21:10:15 下午 Connector start
INFO : Starting ProtocolHandler [http-bio-18081]
04 01, 2021 21:10:15 下午 Connector start
INFO : Starting ProtocolHandler [http-bio-18082]
04 01, 2021 21:10:15 下午 Server start
INFO : Server startup in 6 ms
04 01, 2021 21:15:08 下午 Context <init>
INFO : Deploying web application directory E:\project\diytomcat\webapps\a
04 01, 2021 21:15:08 下午 Context <init>
INFO : Deployment of web application directory E:\project\diytomcat\webapps\a has finished in 92 ms
04 01, 2021 21:15:08 下午 Context <init>
INFO : Deploying web application directory E:\project\diytomcat\webapps\ROOT
04 01, 2021 21:15:08 下午 Context <init>
INFO : Deployment of web application directory E:\project\diytomcat\webapps\ROOT has finished in 0 ms
04 01, 2021 21:15:08 下午 Context <init>
INFO : Deploying web application directory d:/project/diytomcat/b
04 01, 2021 21:15:08 下午 Context <init>
INFO : Deployment of web application directory d:/project/diytomcat/b has finished in 1 ms
04 01, 2021 21:15:08 下午 Server logJVM
INFO : Server version:		How2J DiyTomcat/1.0.1
04 01, 2021 21:15:08 下午 Server logJVM
INFO : Server built:		2020-04-08 10:20:22
04 01, 2021 21:15:08 下午 Server logJVM
INFO : Server number:		1.0.1
04 01, 2021 21:15:08 下午 Server logJVM
INFO : OS Name	:		Windows 7
04 01, 2021 21:15:08 下午 Server logJVM
INFO : OS Version:		6.1
04 01, 2021 21:15:08 下午 Server logJVM
INFO : Architecture:		x86
04 01, 2021 21:15:08 下午 Server logJVM
INFO : Java Home:		D:\JDK1.8\jre
04 01, 2021 21:15:08 下午 Server logJVM
INFO : JVM Version:		1.8.0_65-b17
04 01, 2021 21:15:08 下午 Server logJVM
INFO : JVM Vendor:		Oracle Corporation
04 01, 2021 21:15:08 下午 Connector init
INFO : Initializing ProtocolHandler [http-bio-18080]
04 01, 2021 21:15:08 下午 Connector init
INFO : Initializing ProtocolHandler [http-bio-18081]
04 01, 2021 21:15:08 下午 Connector init
INFO : Initializing ProtocolHandler [http-bio-18082]
04 01, 2021 21:15:08 下午 Service init
INFO : Initialization processed in 2 ms
04 01, 2021 21:15:08 下午 Connector start
INFO : Starting ProtocolHandler [http-bio-18080]
04 01, 2021 21:15:08 下午 Connector start
INFO : Starting ProtocolHandler [http-bio-18081]
04 01, 2021 21:15:08 下午 Connector start
INFO : Starting ProtocolHandler [http-bio-18082]
04 01, 2021 21:15:08 下午 Server start
INFO : Server startup in 5 ms
04 01, 2021 21:15:11 下午 HttpProcessor error
ERROR: this is a deliberately created exception
java.lang.Exception: this is a deliberately created exception
	at HttpProcessor.execute(HttpProcessor.java:30)
	at Connector$1.run(Connector.java:39)
	at java.util.concurrent.ThreadPoolExecutor.runWorker(ThreadPoolExecutor.java:1142)
	at java.util.concurrent.ThreadPoolExecutor$Worker.run(ThreadPoolExecutor.java:617)
	at java.lang.Thread.run(Thread.java:745)
